<?xml version="1.0" encoding="UTF-8"?>
<testsuites name="Run all test cases" time="1312.44" tests="53" failures="6" errors="0">
   <testsuite name="Run all test cases" tests="53" failures="6" errors="0" time="1312.44" skipped="0" timestamp="2021-05-30 10:20:21" hostname="nttuan - WIN-SERVER-2019.sgdiozk5pmeurpqewmqk3za5qe.bx.internal.cloudapp.net" id="Test Suites/Run all test cases">
      <properties>
[...]
</properties>
      <testcase name="Test Cases/API/API - Cannot receive a user list after logout" time="2.268" classname="Test Cases/API/API - Cannot receive a user list after logout" status="PASSED">
         <system-out><![CDATA[2021-05-30 10:20:22 - [TEST_CASE][PASSED] - Test Cases/API/API - Cannot receive a user list after logout: Test Cases/API/API - Cannot receive a user list after logout

2021-05-30 10:20:22 - [TEST_STEP][PASSED] - loginResponse = sendRequest(findTestObject("API/Login")): Send request successfully

2021-05-30 10:20:24 - [MESSAGE][INFO] - HAR: C:\Users\nttuan\Downloads\CDNC\mattermost-testing\Reports\20210530_102014\Run all test cases\20210530_102015\requests\main\0.har

2021-05-30 10:20:24 - [MESSAGE][PASSED] - Send request successfully

2021-05-30 10:20:24 - [TEST_STEP][PASSED] - token = loginResponse.getHeaderField("Token"): null

2021-05-30 10:20:24 - [TEST_STEP][PASSED] - out.println("Token: " + token): null

2021-05-30 10:20:24 - [TEST_STEP][PASSED] - HTTPHeader = new java.util.ArrayList(): null

2021-05-30 10:20:24 - [TEST_STEP][PASSED] - HTTPHeader.add(new com.kms.katalon.core.testobject.TestObjectProperty(Authorization, com.kms.katalon.core.testobject.ConditionType.EQUALS, (Bearer  + token))): null

2021-05-30 10:20:24 - [TEST_STEP][PASSED] - Logout_ScopeToProject = findTestObject("API/Logout"): null

2021-05-30 10:20:24 - [TEST_STEP][PASSED] - Logout_ScopeToProject.setHttpHeaderProperties(HTTPHeader): null

2021-05-30 10:20:24 - [TEST_STEP][PASSED] - logoutResponse = sendRequest(Logout_ScopeToProject): Send request successfully

2021-05-30 10:20:24 - [MESSAGE][INFO] - HAR: C:\Users\nttuan\Downloads\CDNC\mattermost-testing\Reports\20210530_102014\Run all test cases\20210530_102015\requests\main\1.har

2021-05-30 10:20:24 - [MESSAGE][PASSED] - Send request successfully

2021-05-30 10:20:24 - [TEST_STEP][PASSED] - verifyResponseStatusCode(logoutResponse, 200): Verify response status code successfully

2021-05-30 10:20:24 - [MESSAGE][PASSED] - Verify response status code successfully

2021-05-30 10:20:24 - [TEST_STEP][PASSED] - ScopeToProject = findTestObject("API/Get users"): null

2021-05-30 10:20:24 - [TEST_STEP][PASSED] - ScopeToProject.setHttpHeaderProperties(HTTPHeader): null

2021-05-30 10:20:24 - [TEST_STEP][PASSED] - response = sendRequest(ScopeToProject): Send request successfully

2021-05-30 10:20:24 - [MESSAGE][INFO] - HAR: C:\Users\nttuan\Downloads\CDNC\mattermost-testing\Reports\20210530_102014\Run all test cases\20210530_102015\requests\main\2.har

2021-05-30 10:20:24 - [MESSAGE][PASSED] - Send request successfully

2021-05-30 10:20:24 - [TEST_STEP][PASSED] - out.println("Body content: " + response.getResponseBodyContent()): null

2021-05-30 10:20:24 - [TEST_STEP][PASSED] - verifyResponseStatusCode(response, 401): Verify response status code successfully

2021-05-30 10:20:24 - [MESSAGE][PASSED] - Verify response status code successfully]]></system-out>
         <system-err><![CDATA[]]></system-err>
      </testcase>
      <testcase name="Test Cases/API/API - Verify successful login" time="0.644" classname="Test Cases/API/API - Verify successful login" status="PASSED">
         <system-out><![CDATA[2021-05-30 10:20:24 - [TEST_CASE][PASSED] - Test Cases/API/API - Verify successful login: Test Cases/API/API - Verify successful login

2021-05-30 10:20:24 - [TEST_STEP][PASSED] - response = sendRequest(findTestObject("API/Login")): Send request successfully

2021-05-30 10:20:24 - [MESSAGE][INFO] - HAR: C:\Users\nttuan\Downloads\CDNC\mattermost-testing\Reports\20210530_102014\Run all test cases\20210530_102015\requests\main\3.har

2021-05-30 10:20:24 - [MESSAGE][PASSED] - Send request successfully

2021-05-30 10:20:24 - [TEST_STEP][PASSED] - out.println("Body content: " + response.getResponseBodyContent()): null

2021-05-30 10:20:24 - [TEST_STEP][PASSED] - out.println("Token: " + response.getHeaderField("Token")): null

2021-05-30 10:20:24 - [TEST_STEP][PASSED] - verifyResponseStatusCode(response, 200): Verify response status code successfully

2021-05-30 10:20:24 - [MESSAGE][PASSED] - Verify response status code successfully

2021-05-30 10:20:24 - [TEST_STEP][PASSED] - verifyElementPropertyValue(response, "username", "nguyenvana"): Verify element property value successfully

2021-05-30 10:20:25 - [MESSAGE][PASSED] - Verify element property value successfully]]></system-out>
         <system-err><![CDATA[]]></system-err>
      </testcase>
      <testcase name="Test Cases/API/API - Verify successfuly get a user by email" time="0.613" classname="Test Cases/API/API - Verify successfuly get a user by email" status="PASSED">
         <system-out><![CDATA[2021-05-30 10:20:25 - [TEST_CASE][PASSED] - Test Cases/API/API - Verify successfuly get a user by email: Test Cases/API/API - Verify successfuly get a user by email

2021-05-30 10:20:25 - [TEST_STEP][PASSED] - loginResponse = sendRequest(findTestObject("API/Login")): Send request successfully

2021-05-30 10:20:25 - [MESSAGE][INFO] - HAR: C:\Users\nttuan\Downloads\CDNC\mattermost-testing\Reports\20210530_102014\Run all test cases\20210530_102015\requests\main\4.har

2021-05-30 10:20:25 - [MESSAGE][PASSED] - Send request successfully

2021-05-30 10:20:25 - [TEST_STEP][PASSED] - token = loginResponse.getHeaderField("Token"): null

2021-05-30 10:20:25 - [TEST_STEP][PASSED] - out.println("Token: " + token): null

2021-05-30 10:20:25 - [TEST_STEP][PASSED] - ScopeToProject = findTestObject("API/Get a user by email"): null

2021-05-30 10:20:25 - [TEST_STEP][PASSED] - HTTPHeader = new java.util.ArrayList(): null

2021-05-30 10:20:25 - [TEST_STEP][PASSED] - HTTPHeader.add(new com.kms.katalon.core.testobject.TestObjectProperty(Authorization, com.kms.katalon.core.testobject.ConditionType.EQUALS, (Bearer  + token))): null

2021-05-30 10:20:25 - [TEST_STEP][PASSED] - ScopeToProject.setHttpHeaderProperties(HTTPHeader): null

2021-05-30 10:20:25 - [TEST_STEP][PASSED] - response = sendRequest(ScopeToProject): Send request successfully

2021-05-30 10:20:25 - [MESSAGE][INFO] - HAR: C:\Users\nttuan\Downloads\CDNC\mattermost-testing\Reports\20210530_102014\Run all test cases\20210530_102015\requests\main\5.har

2021-05-30 10:20:25 - [MESSAGE][PASSED] - Send request successfully

2021-05-30 10:20:25 - [TEST_STEP][PASSED] - out.println("Body content: " + response.getResponseBodyContent()): null

2021-05-30 10:20:25 - [TEST_STEP][PASSED] - verifyResponseStatusCode(response, 200): Verify response status code successfully

2021-05-30 10:20:25 - [MESSAGE][PASSED] - Verify response status code successfully

2021-05-30 10:20:25 - [TEST_STEP][PASSED] - verifyElementPropertyValue(response, "email", "tttung468@gmail.com"): Verify element property value successfully

2021-05-30 10:20:25 - [MESSAGE][PASSED] - Verify element property value successfully]]></system-out>
         <system-err><![CDATA[]]></system-err>
      </testcase>
      <testcase name="Test Cases/API/API - Verify successfuly get a user by username" time="0.66" classname="Test Cases/API/API - Verify successfuly get a user by username" status="PASSED">
         <system-out><![CDATA[2021-05-30 10:20:25 - [TEST_CASE][PASSED] - Test Cases/API/API - Verify successfuly get a user by username: Test Cases/API/API - Verify successfuly get a user by username

2021-05-30 10:20:26 - [TEST_STEP][PASSED] - loginResponse = sendRequest(findTestObject("API/Login")): Send request successfully

2021-05-30 10:20:26 - [MESSAGE][INFO] - HAR: C:\Users\nttuan\Downloads\CDNC\mattermost-testing\Reports\20210530_102014\Run all test cases\20210530_102015\requests\main\6.har

2021-05-30 10:20:26 - [MESSAGE][PASSED] - Send request successfully

2021-05-30 10:20:26 - [TEST_STEP][PASSED] - token = loginResponse.getHeaderField("Token"): null

2021-05-30 10:20:26 - [TEST_STEP][PASSED] - out.println("Token: " + token): null

2021-05-30 10:20:26 - [TEST_STEP][PASSED] - ScopeToProject = findTestObject("API/Get a user by username"): null

2021-05-30 10:20:26 - [TEST_STEP][PASSED] - HTTPHeader = new java.util.ArrayList(): null

2021-05-30 10:20:26 - [TEST_STEP][PASSED] - HTTPHeader.add(new com.kms.katalon.core.testobject.TestObjectProperty(Authorization, com.kms.katalon.core.testobject.ConditionType.EQUALS, (Bearer  + token))): null

2021-05-30 10:20:26 - [TEST_STEP][PASSED] - ScopeToProject.setHttpHeaderProperties(HTTPHeader): null

2021-05-30 10:20:26 - [TEST_STEP][PASSED] - response = sendRequest(ScopeToProject): Send request successfully

2021-05-30 10:20:26 - [MESSAGE][INFO] - HAR: C:\Users\nttuan\Downloads\CDNC\mattermost-testing\Reports\20210530_102014\Run all test cases\20210530_102015\requests\main\7.har

2021-05-30 10:20:26 - [MESSAGE][PASSED] - Send request successfully

2021-05-30 10:20:26 - [TEST_STEP][PASSED] - out.println("Body content: " + response.getResponseBodyContent()): null

2021-05-30 10:20:26 - [TEST_STEP][PASSED] - verifyResponseStatusCode(response, 200): Verify response status code successfully

2021-05-30 10:20:26 - [MESSAGE][PASSED] - Verify response status code successfully

2021-05-30 10:20:26 - [TEST_STEP][PASSED] - verifyElementPropertyValue(response, "username", "thanhtung"): Verify element property value successfully

2021-05-30 10:20:26 - [MESSAGE][PASSED] - Verify element property value successfully]]></system-out>
         <system-err><![CDATA[]]></system-err>
      </testcase>
      <testcase name="Test Cases/API/API - Verify successfuly get a user list" time="0.598" classname="Test Cases/API/API - Verify successfuly get a user list" status="PASSED">
         <system-out><![CDATA[2021-05-30 10:20:26 - [TEST_CASE][PASSED] - Test Cases/API/API - Verify successfuly get a user list: Test Cases/API/API - Verify successfuly get a user list

2021-05-30 10:20:26 - [TEST_STEP][PASSED] - loginResponse = sendRequest(findTestObject("API/Login")): Send request successfully

2021-05-30 10:20:26 - [MESSAGE][INFO] - HAR: C:\Users\nttuan\Downloads\CDNC\mattermost-testing\Reports\20210530_102014\Run all test cases\20210530_102015\requests\main\8.har

2021-05-30 10:20:26 - [MESSAGE][PASSED] - Send request successfully

2021-05-30 10:20:26 - [TEST_STEP][PASSED] - token = loginResponse.getHeaderField("Token"): null

2021-05-30 10:20:26 - [TEST_STEP][PASSED] - out.println("Token: " + token): null

2021-05-30 10:20:26 - [TEST_STEP][PASSED] - ScopeToProject = findTestObject("API/Get users"): null

2021-05-30 10:20:26 - [TEST_STEP][PASSED] - HTTPHeader = new java.util.ArrayList(): null

2021-05-30 10:20:26 - [TEST_STEP][PASSED] - HTTPHeader.add(new com.kms.katalon.core.testobject.TestObjectProperty(Authorization, com.kms.katalon.core.testobject.ConditionType.EQUALS, (Bearer  + token))): null

2021-05-30 10:20:26 - [TEST_STEP][PASSED] - ScopeToProject.setHttpHeaderProperties(HTTPHeader): null

2021-05-30 10:20:26 - [TEST_STEP][PASSED] - response = sendRequest(ScopeToProject): Send request successfully

2021-05-30 10:20:26 - [MESSAGE][INFO] - HAR: C:\Users\nttuan\Downloads\CDNC\mattermost-testing\Reports\20210530_102014\Run all test cases\20210530_102015\requests\main\9.har

2021-05-30 10:20:26 - [MESSAGE][PASSED] - Send request successfully

2021-05-30 10:20:26 - [TEST_STEP][PASSED] - out.println("Body content: " + response.getResponseBodyContent()): null

2021-05-30 10:20:26 - [TEST_STEP][PASSED] - verifyResponseStatusCode(response, 200): Verify response status code successfully

2021-05-30 10:20:26 - [MESSAGE][PASSED] - Verify response status code successfully]]></system-out>
         <system-err><![CDATA[]]></system-err>
      </testcase>
      <testcase name="Test Cases/API/API - Verify successfuly get total count of users in the system" time="0.62" classname="Test Cases/API/API - Verify successfuly get total count of users in the system" status="PASSED">
         <system-out><![CDATA[2021-05-30 10:20:26 - [TEST_CASE][PASSED] - Test Cases/API/API - Verify successfuly get total count of users in the system: Test Cases/API/API - Verify successfuly get total count of users in the system

2021-05-30 10:20:27 - [TEST_STEP][PASSED] - loginResponse = sendRequest(findTestObject("API/Login")): Send request successfully

2021-05-30 10:20:27 - [MESSAGE][INFO] - HAR: C:\Users\nttuan\Downloads\CDNC\mattermost-testing\Reports\20210530_102014\Run all test cases\20210530_102015\requests\main\10.har

2021-05-30 10:20:27 - [MESSAGE][PASSED] - Send request successfully

2021-05-30 10:20:27 - [TEST_STEP][PASSED] - token = loginResponse.getHeaderField("Token"): null

2021-05-30 10:20:27 - [TEST_STEP][PASSED] - out.println("Token: " + token): null

2021-05-30 10:20:27 - [TEST_STEP][PASSED] - ScopeToProject = findTestObject("API/Get total count of users in the system"): null

2021-05-30 10:20:27 - [TEST_STEP][PASSED] - HTTPHeader = new java.util.ArrayList(): null

2021-05-30 10:20:27 - [TEST_STEP][PASSED] - HTTPHeader.add(new com.kms.katalon.core.testobject.TestObjectProperty(Authorization, com.kms.katalon.core.testobject.ConditionType.EQUALS, (Bearer  + token))): null

2021-05-30 10:20:27 - [TEST_STEP][PASSED] - ScopeToProject.setHttpHeaderProperties(HTTPHeader): null

2021-05-30 10:20:27 - [TEST_STEP][PASSED] - response = sendRequest(ScopeToProject): Send request successfully

2021-05-30 10:20:27 - [MESSAGE][INFO] - HAR: C:\Users\nttuan\Downloads\CDNC\mattermost-testing\Reports\20210530_102014\Run all test cases\20210530_102015\requests\main\11.har

2021-05-30 10:20:27 - [MESSAGE][PASSED] - Send request successfully

2021-05-30 10:20:27 - [TEST_STEP][PASSED] - out.println("Body content: " + response.getResponseBodyContent()): null

2021-05-30 10:20:27 - [TEST_STEP][PASSED] - verifyResponseStatusCode(response, 200): Verify response status code successfully

2021-05-30 10:20:27 - [MESSAGE][PASSED] - Verify response status code successfully

2021-05-30 10:20:27 - [TEST_STEP][PASSED] - containsString(response, "total_users_count", false): Check contain string successfully

2021-05-30 10:20:27 - [MESSAGE][PASSED] - Check contain string successfully]]></system-out>
         <system-err><![CDATA[]]></system-err>
      </testcase>
      <testcase name="Test Cases/API/API - Verify successfuly get users by ids" time="0.665" classname="Test Cases/API/API - Verify successfuly get users by ids" status="PASSED">
         <system-out><![CDATA[2021-05-30 10:20:27 - [TEST_CASE][PASSED] - Test Cases/API/API - Verify successfuly get users by ids: Test Cases/API/API - Verify successfuly get users by ids

2021-05-30 10:20:27 - [TEST_STEP][PASSED] - loginResponse = sendRequest(findTestObject("API/Login")): Send request successfully

2021-05-30 10:20:28 - [MESSAGE][INFO] - HAR: C:\Users\nttuan\Downloads\CDNC\mattermost-testing\Reports\20210530_102014\Run all test cases\20210530_102015\requests\main\12.har

2021-05-30 10:20:28 - [MESSAGE][PASSED] - Send request successfully

2021-05-30 10:20:28 - [TEST_STEP][PASSED] - token = loginResponse.getHeaderField("Token"): null

2021-05-30 10:20:28 - [TEST_STEP][PASSED] - out.println("Token: " + token): null

2021-05-30 10:20:28 - [TEST_STEP][PASSED] - ScopeToProject = findTestObject("API/Get users by ids"): null

2021-05-30 10:20:28 - [TEST_STEP][PASSED] - HTTPHeader = new java.util.ArrayList(): null

2021-05-30 10:20:28 - [TEST_STEP][PASSED] - HTTPHeader.add(new com.kms.katalon.core.testobject.TestObjectProperty(Authorization, com.kms.katalon.core.testobject.ConditionType.EQUALS, (Bearer  + token))): null

2021-05-30 10:20:28 - [TEST_STEP][PASSED] - ScopeToProject.setHttpHeaderProperties(HTTPHeader): null

2021-05-30 10:20:28 - [TEST_STEP][PASSED] - response = sendRequest(ScopeToProject): Send request successfully

2021-05-30 10:20:28 - [MESSAGE][INFO] - HAR: C:\Users\nttuan\Downloads\CDNC\mattermost-testing\Reports\20210530_102014\Run all test cases\20210530_102015\requests\main\13.har

2021-05-30 10:20:28 - [MESSAGE][PASSED] - Send request successfully

2021-05-30 10:20:28 - [TEST_STEP][PASSED] - out.println("Body content: " + response.getResponseBodyContent()): null

2021-05-30 10:20:28 - [TEST_STEP][PASSED] - verifyResponseStatusCode(response, 200): Verify response status code successfully

2021-05-30 10:20:28 - [MESSAGE][PASSED] - Verify response status code successfully

2021-05-30 10:20:28 - [TEST_STEP][PASSED] - verifyElementPropertyValue(response, "[0].id", "dttuo8b67bno3j4s9acuspapra"): Verify element property value successfully

2021-05-30 10:20:28 - [MESSAGE][PASSED] - Verify element property value successfully

2021-05-30 10:20:28 - [TEST_STEP][PASSED] - verifyElementPropertyValue(response, "[0].username", "nguyenvana"): Verify element property value successfully

2021-05-30 10:20:28 - [MESSAGE][PASSED] - Verify element property value successfully

2021-05-30 10:20:28 - [TEST_STEP][PASSED] - verifyElementPropertyValue(response, "[1].id", "ifcc1quidtbbxnd3id16f1uywa"): Verify element property value successfully

2021-05-30 10:20:28 - [MESSAGE][PASSED] - Verify element property value successfully

2021-05-30 10:20:28 - [TEST_STEP][PASSED] - verifyElementPropertyValue(response, "[1].username", "thanhtung"): Verify element property value successfully

2021-05-30 10:20:28 - [MESSAGE][PASSED] - Verify element property value successfully]]></system-out>
         <system-err><![CDATA[]]></system-err>
      </testcase>
      <testcase name="Test Cases/API/API - Verify successfuly get users by usernames" time="0.642" classname="Test Cases/API/API - Verify successfuly get users by usernames" status="PASSED">
         <system-out><![CDATA[2021-05-30 10:20:28 - [TEST_CASE][PASSED] - Test Cases/API/API - Verify successfuly get users by usernames: Test Cases/API/API - Verify successfuly get users by usernames

2021-05-30 10:20:28 - [TEST_STEP][PASSED] - loginResponse = sendRequest(findTestObject("API/Login")): Send request successfully

2021-05-30 10:20:28 - [MESSAGE][INFO] - HAR: C:\Users\nttuan\Downloads\CDNC\mattermost-testing\Reports\20210530_102014\Run all test cases\20210530_102015\requests\main\14.har

2021-05-30 10:20:28 - [MESSAGE][PASSED] - Send request successfully

2021-05-30 10:20:28 - [TEST_STEP][PASSED] - token = loginResponse.getHeaderField("Token"): null

2021-05-30 10:20:28 - [TEST_STEP][PASSED] - out.println("Token: " + token): null

2021-05-30 10:20:28 - [TEST_STEP][PASSED] - ScopeToProject = findTestObject("API/Get users by usernames"): null

2021-05-30 10:20:28 - [TEST_STEP][PASSED] - HTTPHeader = new java.util.ArrayList(): null

2021-05-30 10:20:28 - [TEST_STEP][PASSED] - HTTPHeader.add(new com.kms.katalon.core.testobject.TestObjectProperty(Authorization, com.kms.katalon.core.testobject.ConditionType.EQUALS, (Bearer  + token))): null

2021-05-30 10:20:28 - [TEST_STEP][PASSED] - ScopeToProject.setHttpHeaderProperties(HTTPHeader): null

2021-05-30 10:20:28 - [TEST_STEP][PASSED] - response = sendRequest(ScopeToProject): Send request successfully

2021-05-30 10:20:28 - [MESSAGE][INFO] - HAR: C:\Users\nttuan\Downloads\CDNC\mattermost-testing\Reports\20210530_102014\Run all test cases\20210530_102015\requests\main\15.har

2021-05-30 10:20:28 - [MESSAGE][PASSED] - Send request successfully

2021-05-30 10:20:28 - [TEST_STEP][PASSED] - out.println("Body content: " + response.getResponseBodyContent()): null

2021-05-30 10:20:28 - [TEST_STEP][PASSED] - verifyResponseStatusCode(response, 200): Verify response status code successfully

2021-05-30 10:20:28 - [MESSAGE][PASSED] - Verify response status code successfully

2021-05-30 10:20:28 - [TEST_STEP][PASSED] - verifyElementPropertyValue(response, "[0].username", "nguyenvana"): Verify element property value successfully

2021-05-30 10:20:28 - [MESSAGE][PASSED] - Verify element property value successfully

2021-05-30 10:20:28 - [TEST_STEP][PASSED] - verifyElementPropertyValue(response, "[1].username", "thanhtung"): Verify element property value successfully

2021-05-30 10:20:28 - [MESSAGE][PASSED] - Verify element property value successfully]]></system-out>
         <system-err><![CDATA[]]></system-err>
      </testcase>
      <testcase name="Test Cases/Login/Verify login failed with empty password" time="7.492" classname="Test Cases/Login/Verify login failed with empty password" status="PASSED">
         <system-out><![CDATA[2021-05-30 10:20:28 - [TEST_CASE][PASSED] - Test Cases/Login/Verify login failed with empty password: Test Cases/Login/Verify login failed with empty password

2021-05-30 10:20:29 - [TEST_STEP][PASSED] - callTestCase(findTestCase("Common Test Cases/Login"), ["Username":findTestData("Internal Data for Login").getValue(1, 2), "Password":findTestData("Internal Data for Login").getValue(2, 2)], STOP_ON_FAILURE): Call Test Case 'Test Cases/Common Test Cases/Login' successfully

2021-05-30 10:20:29 - [TEST_CASE][PASSED] - Test Cases/Common Test Cases/Login: Test Cases/Common Test Cases/Login

2021-05-30 10:20:29 - [TEST_STEP][PASSED] - openBrowser(""): Browser is opened with url: ''

2021-05-30 10:20:29 - [MESSAGE][INFO] - Starting 'Chrome' driver

2021-05-30 10:20:29 - [MESSAGE][INFO] - Action delay is set to 0 milliseconds

2021-05-30 10:20:31 - [MESSAGE][PASSED] - Browser is opened with url: ''

2021-05-30 10:20:31 - [TEST_STEP][PASSED] - navigateToUrl("https://chudenangcao2021.cf/"): Navigate to 'https://chudenangcao2021.cf/' successfully

2021-05-30 10:20:32 - [MESSAGE][PASSED] - Navigate to 'https://chudenangcao2021.cf/' successfully

2021-05-30 10:20:32 - [TEST_STEP][PASSED] - setText(findTestObject("Object Repository/Page_Mattermost/input_All team communication in one place, _dcc84b"), Username): Text 'nguyenvana' is set on object 'Object Repository/Page_Mattermost/input_All team communication in one place, _dcc84b'

2021-05-30 10:20:33 - [MESSAGE][PASSED] - Text 'nguyenvana' is set on object 'Object Repository/Page_Mattermost/input_All team communication in one place, _dcc84b'

2021-05-30 10:20:33 - [TEST_STEP][PASSED] - setText(findTestObject("Object Repository/Page_Mattermost/input_All team communication in one place, _a3edc6"), Password): Text '' is set on object 'Object Repository/Page_Mattermost/input_All team communication in one place, _a3edc6'

2021-05-30 10:20:34 - [MESSAGE][PASSED] - Text '' is set on object 'Object Repository/Page_Mattermost/input_All team communication in one place, _a3edc6'

2021-05-30 10:20:34 - [TEST_STEP][PASSED] - click(findTestObject("Object Repository/Page_Mattermost/button_Sign in")): Object: 'Object Repository/Page_Mattermost/button_Sign in' is clicked on

2021-05-30 10:20:35 - [MESSAGE][PASSED] - Object: 'Object Repository/Page_Mattermost/button_Sign in' is clicked on

2021-05-30 10:20:35 - [TEST_STEP][PASSED] - verifyLinksAccessible(["https://chudenangcao2021.cf/cdnc-cnpm-2021/channels"]): All links are accessible

2021-05-30 10:20:35 - [MESSAGE][INFO] - HAR: C:\Users\nttuan\Downloads\CDNC\mattermost-testing\Reports\20210530_102014\Run all test cases\20210530_102015\requests\main\16.har

2021-05-30 10:20:35 - [MESSAGE][PASSED] - Send request successfully

2021-05-30 10:20:35 - [MESSAGE][PASSED] - All links are accessible

2021-05-30 10:20:35 - [MESSAGE][PASSED] - Call Test Case 'Test Cases/Common Test Cases/Login' successfully

2021-05-30 10:20:35 - [TEST_STEP][PASSED] - verifyElementPresent(findTestObject("Page_Mattermost/label_Please enter your password"), 0): Object 'Object Repository/Page_Mattermost/label_Please enter your password' is present

2021-05-30 10:20:35 - [MESSAGE][WARNING] - Timeout '0' is invalid. Using default page load timeout: '30'

2021-05-30 10:20:35 - [MESSAGE][PASSED] - Object 'Object Repository/Page_Mattermost/label_Please enter your password' is present

2021-05-30 10:20:35 - [TEST_STEP][PASSED] - closeBrowser(): Browser is closed

2021-05-30 10:20:36 - [MESSAGE][PASSED] - Browser is closed]]></system-out>
         <system-err><![CDATA[]]></system-err>
      </testcase>
      <testcase name="Test Cases/Login/Verify login failed with empty username" time="6.009" classname="Test Cases/Login/Verify login failed with empty username" status="PASSED">
         <system-out><![CDATA[2021-05-30 10:20:36 - [TEST_CASE][PASSED] - Test Cases/Login/Verify login failed with empty username: Test Cases/Login/Verify login failed with empty username

2021-05-30 10:20:36 - [TEST_STEP][PASSED] - callTestCase(findTestCase("Common Test Cases/Login"), ["Username":findTestData("Internal Data for Login").getValue(1, 1), "Password":findTestData("Internal Data for Login").getValue(2, 1)], STOP_ON_FAILURE): Call Test Case 'Test Cases/Common Test Cases/Login' successfully

2021-05-30 10:20:36 - [TEST_CASE][PASSED] - Test Cases/Common Test Cases/Login: Test Cases/Common Test Cases/Login

2021-05-30 10:20:36 - [TEST_STEP][PASSED] - openBrowser(""): Browser is opened with url: ''

2021-05-30 10:20:36 - [MESSAGE][INFO] - Starting 'Chrome' driver

2021-05-30 10:20:36 - [MESSAGE][INFO] - Action delay is set to 0 milliseconds

2021-05-30 10:20:38 - [MESSAGE][PASSED] - Browser is opened with url: ''

2021-05-30 10:20:38 - [TEST_STEP][PASSED] - navigateToUrl("https://chudenangcao2021.cf/"): Navigate to 'https://chudenangcao2021.cf/' successfully

2021-05-30 10:20:38 - [MESSAGE][PASSED] - Navigate to 'https://chudenangcao2021.cf/' successfully

2021-05-30 10:20:38 - [TEST_STEP][PASSED] - setText(findTestObject("Object Repository/Page_Mattermost/input_All team communication in one place, _dcc84b"), Username): Text '' is set on object 'Object Repository/Page_Mattermost/input_All team communication in one place, _dcc84b'

2021-05-30 10:20:40 - [MESSAGE][PASSED] - Text '' is set on object 'Object Repository/Page_Mattermost/input_All team communication in one place, _dcc84b'

2021-05-30 10:20:40 - [TEST_STEP][PASSED] - setText(findTestObject("Object Repository/Page_Mattermost/input_All team communication in one place, _a3edc6"), Password): Text 'Tung@123456' is set on object 'Object Repository/Page_Mattermost/input_All team communication in one place, _a3edc6'

2021-05-30 10:20:40 - [MESSAGE][PASSED] - Text 'Tung@123456' is set on object 'Object Repository/Page_Mattermost/input_All team communication in one place, _a3edc6'

2021-05-30 10:20:40 - [TEST_STEP][PASSED] - click(findTestObject("Object Repository/Page_Mattermost/button_Sign in")): Object: 'Object Repository/Page_Mattermost/button_Sign in' is clicked on

2021-05-30 10:20:41 - [MESSAGE][PASSED] - Object: 'Object Repository/Page_Mattermost/button_Sign in' is clicked on

2021-05-30 10:20:41 - [TEST_STEP][PASSED] - verifyLinksAccessible(["https://chudenangcao2021.cf/cdnc-cnpm-2021/channels"]): All links are accessible

2021-05-30 10:20:41 - [MESSAGE][INFO] - HAR: C:\Users\nttuan\Downloads\CDNC\mattermost-testing\Reports\20210530_102014\Run all test cases\20210530_102015\requests\main\17.har

2021-05-30 10:20:41 - [MESSAGE][PASSED] - Send request successfully

2021-05-30 10:20:41 - [MESSAGE][PASSED] - All links are accessible

2021-05-30 10:20:41 - [MESSAGE][PASSED] - Call Test Case 'Test Cases/Common Test Cases/Login' successfully

2021-05-30 10:20:41 - [TEST_STEP][PASSED] - verifyElementPresent(findTestObject("Page_Mattermost/label_Please enter your email or username"), 0): Object 'Object Repository/Page_Mattermost/label_Please enter your email or username' is present

2021-05-30 10:20:41 - [MESSAGE][WARNING] - Timeout '0' is invalid. Using default page load timeout: '30'

2021-05-30 10:20:41 - [MESSAGE][PASSED] - Object 'Object Repository/Page_Mattermost/label_Please enter your email or username' is present

2021-05-30 10:20:41 - [TEST_STEP][PASSED] - closeBrowser(): Browser is closed

2021-05-30 10:20:42 - [MESSAGE][PASSED] - Browser is closed]]></system-out>
         <system-err><![CDATA[]]></system-err>
      </testcase>
      <testcase name="Test Cases/Login/Verify login failed with invalid password" time="6.464" classname="Test Cases/Login/Verify login failed with invalid password" status="PASSED">
         <system-out><![CDATA[2021-05-30 10:20:42 - [TEST_CASE][PASSED] - Test Cases/Login/Verify login failed with invalid password: Test Cases/Login/Verify login failed with invalid password

2021-05-30 10:20:42 - [TEST_STEP][PASSED] - callTestCase(findTestCase("Common Test Cases/Login"), ["Username":findTestData("Internal Data for Login").getValue(1, 4), "Password":findTestData("Internal Data for Login").getValue(2, 4)], STOP_ON_FAILURE): Call Test Case 'Test Cases/Common Test Cases/Login' successfully

2021-05-30 10:20:42 - [TEST_CASE][PASSED] - Test Cases/Common Test Cases/Login: Test Cases/Common Test Cases/Login

2021-05-30 10:20:42 - [TEST_STEP][PASSED] - openBrowser(""): Browser is opened with url: ''

2021-05-30 10:20:42 - [MESSAGE][INFO] - Starting 'Chrome' driver

2021-05-30 10:20:42 - [MESSAGE][INFO] - Action delay is set to 0 milliseconds

2021-05-30 10:20:44 - [MESSAGE][PASSED] - Browser is opened with url: ''

2021-05-30 10:20:44 - [TEST_STEP][PASSED] - navigateToUrl("https://chudenangcao2021.cf/"): Navigate to 'https://chudenangcao2021.cf/' successfully

2021-05-30 10:20:44 - [MESSAGE][PASSED] - Navigate to 'https://chudenangcao2021.cf/' successfully

2021-05-30 10:20:44 - [TEST_STEP][PASSED] - setText(findTestObject("Object Repository/Page_Mattermost/input_All team communication in one place, _dcc84b"), Username): Text 'nguyenvana' is set on object 'Object Repository/Page_Mattermost/input_All team communication in one place, _dcc84b'

2021-05-30 10:20:46 - [MESSAGE][PASSED] - Text 'nguyenvana' is set on object 'Object Repository/Page_Mattermost/input_All team communication in one place, _dcc84b'

2021-05-30 10:20:46 - [TEST_STEP][PASSED] - setText(findTestObject("Object Repository/Page_Mattermost/input_All team communication in one place, _a3edc6"), Password): Text 'Tung@123456789' is set on object 'Object Repository/Page_Mattermost/input_All team communication in one place, _a3edc6'

2021-05-30 10:20:47 - [MESSAGE][PASSED] - Text 'Tung@123456789' is set on object 'Object Repository/Page_Mattermost/input_All team communication in one place, _a3edc6'

2021-05-30 10:20:47 - [TEST_STEP][PASSED] - click(findTestObject("Object Repository/Page_Mattermost/button_Sign in")): Object: 'Object Repository/Page_Mattermost/button_Sign in' is clicked on

2021-05-30 10:20:47 - [MESSAGE][PASSED] - Object: 'Object Repository/Page_Mattermost/button_Sign in' is clicked on

2021-05-30 10:20:47 - [TEST_STEP][PASSED] - verifyLinksAccessible(["https://chudenangcao2021.cf/cdnc-cnpm-2021/channels"]): All links are accessible

2021-05-30 10:20:47 - [MESSAGE][INFO] - HAR: C:\Users\nttuan\Downloads\CDNC\mattermost-testing\Reports\20210530_102014\Run all test cases\20210530_102015\requests\main\18.har

2021-05-30 10:20:47 - [MESSAGE][PASSED] - Send request successfully

2021-05-30 10:20:47 - [MESSAGE][PASSED] - All links are accessible

2021-05-30 10:20:47 - [MESSAGE][PASSED] - Call Test Case 'Test Cases/Common Test Cases/Login' successfully

2021-05-30 10:20:47 - [TEST_STEP][PASSED] - verifyElementPresent(findTestObject("Page_Mattermost/label_Enter a valid email or username andor password"), 0): Object 'Object Repository/Page_Mattermost/label_Enter a valid email or username andor password' is present

2021-05-30 10:20:47 - [MESSAGE][WARNING] - Timeout '0' is invalid. Using default page load timeout: '30'

2021-05-30 10:20:48 - [MESSAGE][PASSED] - Object 'Object Repository/Page_Mattermost/label_Enter a valid email or username andor password' is present

2021-05-30 10:20:48 - [TEST_STEP][PASSED] - closeBrowser(): Browser is closed

2021-05-30 10:20:48 - [MESSAGE][PASSED] - Browser is closed]]></system-out>
         <system-err><![CDATA[]]></system-err>
      </testcase>
      <testcase name="Test Cases/Login/Verify login failed with invalid username" time="6.285" classname="Test Cases/Login/Verify login failed with invalid username" status="PASSED">
         <system-out><![CDATA[2021-05-30 10:20:48 - [TEST_CASE][PASSED] - Test Cases/Login/Verify login failed with invalid username: Test Cases/Login/Verify login failed with invalid username

2021-05-30 10:20:49 - [TEST_STEP][PASSED] - callTestCase(findTestCase("Common Test Cases/Login"), ["Username":findTestData("Internal Data for Login").getValue(1, 3), "Password":findTestData("Internal Data for Login").getValue(2, 3)], STOP_ON_FAILURE): Call Test Case 'Test Cases/Common Test Cases/Login' successfully

2021-05-30 10:20:49 - [TEST_CASE][PASSED] - Test Cases/Common Test Cases/Login: Test Cases/Common Test Cases/Login

2021-05-30 10:20:49 - [TEST_STEP][PASSED] - openBrowser(""): Browser is opened with url: ''

2021-05-30 10:20:49 - [MESSAGE][INFO] - Starting 'Chrome' driver

2021-05-30 10:20:49 - [MESSAGE][INFO] - Action delay is set to 0 milliseconds

2021-05-30 10:20:50 - [MESSAGE][PASSED] - Browser is opened with url: ''

2021-05-30 10:20:50 - [TEST_STEP][PASSED] - navigateToUrl("https://chudenangcao2021.cf/"): Navigate to 'https://chudenangcao2021.cf/' successfully

2021-05-30 10:20:51 - [MESSAGE][PASSED] - Navigate to 'https://chudenangcao2021.cf/' successfully

2021-05-30 10:20:51 - [TEST_STEP][PASSED] - setText(findTestObject("Object Repository/Page_Mattermost/input_All team communication in one place, _dcc84b"), Username): Text 'nguyenvanaaaa' is set on object 'Object Repository/Page_Mattermost/input_All team communication in one place, _dcc84b'

2021-05-30 10:20:52 - [MESSAGE][PASSED] - Text 'nguyenvanaaaa' is set on object 'Object Repository/Page_Mattermost/input_All team communication in one place, _dcc84b'

2021-05-30 10:20:52 - [TEST_STEP][PASSED] - setText(findTestObject("Object Repository/Page_Mattermost/input_All team communication in one place, _a3edc6"), Password): Text 'Tung@123456' is set on object 'Object Repository/Page_Mattermost/input_All team communication in one place, _a3edc6'

2021-05-30 10:20:53 - [MESSAGE][PASSED] - Text 'Tung@123456' is set on object 'Object Repository/Page_Mattermost/input_All team communication in one place, _a3edc6'

2021-05-30 10:20:53 - [TEST_STEP][PASSED] - click(findTestObject("Object Repository/Page_Mattermost/button_Sign in")): Object: 'Object Repository/Page_Mattermost/button_Sign in' is clicked on

2021-05-30 10:20:53 - [MESSAGE][PASSED] - Object: 'Object Repository/Page_Mattermost/button_Sign in' is clicked on

2021-05-30 10:20:53 - [TEST_STEP][PASSED] - verifyLinksAccessible(["https://chudenangcao2021.cf/cdnc-cnpm-2021/channels"]): All links are accessible

2021-05-30 10:20:53 - [MESSAGE][INFO] - HAR: C:\Users\nttuan\Downloads\CDNC\mattermost-testing\Reports\20210530_102014\Run all test cases\20210530_102015\requests\main\19.har

2021-05-30 10:20:53 - [MESSAGE][PASSED] - Send request successfully

2021-05-30 10:20:53 - [MESSAGE][PASSED] - All links are accessible

2021-05-30 10:20:53 - [MESSAGE][PASSED] - Call Test Case 'Test Cases/Common Test Cases/Login' successfully

2021-05-30 10:20:53 - [TEST_STEP][PASSED] - verifyElementPresent(findTestObject("Page_Mattermost/label_Enter a valid email or username andor password"), 0): Object 'Object Repository/Page_Mattermost/label_Enter a valid email or username andor password' is present

2021-05-30 10:20:54 - [MESSAGE][WARNING] - Timeout '0' is invalid. Using default page load timeout: '30'

2021-05-30 10:20:54 - [MESSAGE][PASSED] - Object 'Object Repository/Page_Mattermost/label_Enter a valid email or username andor password' is present

2021-05-30 10:20:54 - [TEST_STEP][PASSED] - closeBrowser(): Browser is closed

2021-05-30 10:20:55 - [MESSAGE][PASSED] - Browser is closed]]></system-out>
         <system-err><![CDATA[]]></system-err>
      </testcase>
      <testcase name="Test Cases/Login/Verify successful login" time="7.722" classname="Test Cases/Login/Verify successful login" status="PASSED">
         <system-out><![CDATA[2021-05-30 10:20:55 - [TEST_CASE][PASSED] - Test Cases/Login/Verify successful login: Test Cases/Login/Verify successful login

2021-05-30 10:20:55 - [TEST_STEP][PASSED] - callTestCase(findTestCase("Common Test Cases/Login"), ["Username":findTestData("Internal Data for Login").getValue(1, 5), "Password":findTestData("Internal Data for Login").getValue(2, 5)], STOP_ON_FAILURE): Call Test Case 'Test Cases/Common Test Cases/Login' successfully

2021-05-30 10:20:55 - [TEST_CASE][PASSED] - Test Cases/Common Test Cases/Login: Test Cases/Common Test Cases/Login

2021-05-30 10:20:55 - [TEST_STEP][PASSED] - openBrowser(""): Browser is opened with url: ''

2021-05-30 10:20:55 - [MESSAGE][INFO] - Starting 'Chrome' driver

2021-05-30 10:20:55 - [MESSAGE][INFO] - Action delay is set to 0 milliseconds

2021-05-30 10:20:56 - [MESSAGE][PASSED] - Browser is opened with url: ''

2021-05-30 10:20:56 - [TEST_STEP][PASSED] - navigateToUrl("https://chudenangcao2021.cf/"): Navigate to 'https://chudenangcao2021.cf/' successfully

2021-05-30 10:20:57 - [MESSAGE][PASSED] - Navigate to 'https://chudenangcao2021.cf/' successfully

2021-05-30 10:20:57 - [TEST_STEP][PASSED] - setText(findTestObject("Object Repository/Page_Mattermost/input_All team communication in one place, _dcc84b"), Username): Text 'nguyenvana' is set on object 'Object Repository/Page_Mattermost/input_All team communication in one place, _dcc84b'

2021-05-30 10:20:58 - [MESSAGE][PASSED] - Text 'nguyenvana' is set on object 'Object Repository/Page_Mattermost/input_All team communication in one place, _dcc84b'

2021-05-30 10:20:58 - [TEST_STEP][PASSED] - setText(findTestObject("Object Repository/Page_Mattermost/input_All team communication in one place, _a3edc6"), Password): Text 'Tung@123456' is set on object 'Object Repository/Page_Mattermost/input_All team communication in one place, _a3edc6'

2021-05-30 10:20:59 - [MESSAGE][PASSED] - Text 'Tung@123456' is set on object 'Object Repository/Page_Mattermost/input_All team communication in one place, _a3edc6'

2021-05-30 10:20:59 - [TEST_STEP][PASSED] - click(findTestObject("Object Repository/Page_Mattermost/button_Sign in")): Object: 'Object Repository/Page_Mattermost/button_Sign in' is clicked on

2021-05-30 10:21:00 - [MESSAGE][PASSED] - Object: 'Object Repository/Page_Mattermost/button_Sign in' is clicked on

2021-05-30 10:21:00 - [TEST_STEP][PASSED] - verifyLinksAccessible(["https://chudenangcao2021.cf/cdnc-cnpm-2021/channels"]): All links are accessible

2021-05-30 10:21:00 - [MESSAGE][INFO] - HAR: C:\Users\nttuan\Downloads\CDNC\mattermost-testing\Reports\20210530_102014\Run all test cases\20210530_102015\requests\main\20.har

2021-05-30 10:21:00 - [MESSAGE][PASSED] - Send request successfully

2021-05-30 10:21:00 - [MESSAGE][PASSED] - All links are accessible

2021-05-30 10:21:00 - [MESSAGE][PASSED] - Call Test Case 'Test Cases/Common Test Cases/Login' successfully

2021-05-30 10:21:00 - [TEST_STEP][PASSED] - verifyElementPresent(findTestObject("Page_Town Square - TEAM NAME Mattermost/div_CHANNELS"), 0): Object 'Object Repository/Page_Town Square - TEAM NAME Mattermost/div_CHANNELS' is present

2021-05-30 10:21:00 - [MESSAGE][WARNING] - Timeout '0' is invalid. Using default page load timeout: '30'

2021-05-30 10:21:01 - [MESSAGE][PASSED] - Object 'Object Repository/Page_Town Square - TEAM NAME Mattermost/div_CHANNELS' is present

2021-05-30 10:21:01 - [TEST_STEP][PASSED] - verifyElementPresent(findTestObject("Page_Town Square - TEAM NAME Mattermost/div_DIRECT MESSAGES"), 0): Object 'Object Repository/Page_Town Square - TEAM NAME Mattermost/div_DIRECT MESSAGES' is present

2021-05-30 10:21:01 - [MESSAGE][WARNING] - Timeout '0' is invalid. Using default page load timeout: '30'

2021-05-30 10:21:02 - [MESSAGE][PASSED] - Object 'Object Repository/Page_Town Square - TEAM NAME Mattermost/div_DIRECT MESSAGES' is present

2021-05-30 10:21:02 - [TEST_STEP][PASSED] - closeBrowser(): Browser is closed

2021-05-30 10:21:02 - [MESSAGE][PASSED] - Browser is closed]]></system-out>
         <system-err><![CDATA[]]></system-err>
      </testcase>
      <testcase name="Test Cases/SwitchCaseTest/ChangeLanguge" time="10.359" classname="Test Cases/SwitchCaseTest/ChangeLanguge" status="PASSED">
         <system-out><![CDATA[2021-05-30 10:21:02 - [TEST_CASE][PASSED] - Test Cases/SwitchCaseTest/ChangeLanguge: Test Cases/SwitchCaseTest/ChangeLanguge

2021-05-30 10:21:03 - [TEST_STEP][PASSED] - callTestCase(findTestCase("Test Cases/Common Test Cases/Login"), ["username":username, "password":password], STOP_ON_FAILURE): Call Test Case 'Test Cases/Common Test Cases/Login' successfully

2021-05-30 10:21:03 - [TEST_CASE][PASSED] - Test Cases/Common Test Cases/Login: Test Cases/Common Test Cases/Login

2021-05-30 10:21:03 - [TEST_STEP][PASSED] - openBrowser(""): Browser is opened with url: ''

2021-05-30 10:21:03 - [MESSAGE][INFO] - Starting 'Chrome' driver

2021-05-30 10:21:03 - [MESSAGE][INFO] - Action delay is set to 0 milliseconds

2021-05-30 10:21:04 - [MESSAGE][PASSED] - Browser is opened with url: ''

2021-05-30 10:21:04 - [TEST_STEP][PASSED] - navigateToUrl("https://chudenangcao2021.cf/"): Navigate to 'https://chudenangcao2021.cf/' successfully

2021-05-30 10:21:05 - [MESSAGE][PASSED] - Navigate to 'https://chudenangcao2021.cf/' successfully

2021-05-30 10:21:05 - [TEST_STEP][PASSED] - setText(findTestObject("Object Repository/Page_Mattermost/input_All team communication in one place, _dcc84b"), Username): Text 'Minhvu12918' is set on object 'Object Repository/Page_Mattermost/input_All team communication in one place, _dcc84b'

2021-05-30 10:21:06 - [MESSAGE][PASSED] - Text 'Minhvu12918' is set on object 'Object Repository/Page_Mattermost/input_All team communication in one place, _dcc84b'

2021-05-30 10:21:06 - [TEST_STEP][PASSED] - setText(findTestObject("Object Repository/Page_Mattermost/input_All team communication in one place, _a3edc6"), Password): Text 'Minhvuabc2@' is set on object 'Object Repository/Page_Mattermost/input_All team communication in one place, _a3edc6'

2021-05-30 10:21:07 - [MESSAGE][PASSED] - Text 'Minhvuabc2@' is set on object 'Object Repository/Page_Mattermost/input_All team communication in one place, _a3edc6'

2021-05-30 10:21:07 - [TEST_STEP][PASSED] - click(findTestObject("Object Repository/Page_Mattermost/button_Sign in")): Object: 'Object Repository/Page_Mattermost/button_Sign in' is clicked on

2021-05-30 10:21:08 - [MESSAGE][PASSED] - Object: 'Object Repository/Page_Mattermost/button_Sign in' is clicked on

2021-05-30 10:21:08 - [TEST_STEP][PASSED] - verifyLinksAccessible(["https://chudenangcao2021.cf/cdnc-cnpm-2021/channels"]): All links are accessible

2021-05-30 10:21:08 - [MESSAGE][INFO] - HAR: C:\Users\nttuan\Downloads\CDNC\mattermost-testing\Reports\20210530_102014\Run all test cases\20210530_102015\requests\main\21.har

2021-05-30 10:21:08 - [MESSAGE][PASSED] - Send request successfully

2021-05-30 10:21:08 - [MESSAGE][PASSED] - All links are accessible

2021-05-30 10:21:08 - [MESSAGE][PASSED] - Call Test Case 'Test Cases/Common Test Cases/Login' successfully

2021-05-30 10:21:08 - [TEST_STEP][PASSED] - click(findTestObject("Object Repository/IFObject/Page_TEST CHANNEL - TEAM NAME Mattermost/button_cxtuan_style--none sidebar-header-dropdown__icon")): Object: 'Object Repository/IFObject/Page_TEST CHANNEL - TEAM NAME Mattermost/button_cxtuan_style--none sidebar-header-dropdown__icon' is clicked on

2021-05-30 10:21:09 - [MESSAGE][PASSED] - Object: 'Object Repository/IFObject/Page_TEST CHANNEL - TEAM NAME Mattermost/button_cxtuan_style--none sidebar-header-dropdown__icon' is clicked on

2021-05-30 10:21:09 - [TEST_STEP][PASSED] - click(findTestObject("Object Repository/IFObject/Page_TEST CHANNEL - TEAM NAME Mattermost/button_Account Settings")): Object: 'Object Repository/IFObject/Page_TEST CHANNEL - TEAM NAME Mattermost/button_Account Settings' is clicked on

2021-05-30 10:21:10 - [MESSAGE][PASSED] - Object: 'Object Repository/IFObject/Page_TEST CHANNEL - TEAM NAME Mattermost/button_Account Settings' is clicked on

2021-05-30 10:21:10 - [TEST_STEP][PASSED] - lang = language: null

2021-05-30 10:21:10 - [TEST_STEP][PASSED] - click(findTestObject("Object Repository/SwitchCase/Change language/button_Display")): Object: 'Object Repository/SwitchCase/Change language/button_Display' is clicked on

2021-05-30 10:21:11 - [MESSAGE][PASSED] - Object: 'Object Repository/SwitchCase/Change language/button_Display' is clicked on

2021-05-30 10:21:11 - [TEST_STEP][PASSED] - click(findTestObject("Object Repository/SwitchCase/Change language/button_EditLanguage")): Object: 'Object Repository/SwitchCase/Change language/button_EditLanguage' is clicked on

2021-05-30 10:21:11 - [MESSAGE][PASSED] - Object: 'Object Repository/SwitchCase/Change language/button_EditLanguage' is clicked on

2021-05-30 10:21:11 - [TEST_STEP][PASSED] - click(findTestObject("Object Repository/SwitchCase/Change language/div_English")): Object: 'Object Repository/SwitchCase/Change language/div_English' is clicked on

2021-05-30 10:21:12 - [MESSAGE][PASSED] - Object: 'Object Repository/SwitchCase/Change language/div_English' is clicked on

2021-05-30 10:21:12 - [TEST_STEP][PASSED] - switch (lang): null

2021-05-30 10:21:12 - [TEST_STEP][PASSED] - case "Italiano":: null

2021-05-30 10:21:12 - [TEST_STEP][PASSED] - click(findTestObject("Object Repository/SwitchCase/Page_span_Town Square - TEAM NAME Mattermost/div_Italiano")): Object: 'Object Repository/SwitchCase/Page_span_Town Square - TEAM NAME Mattermost/div_Italiano' is clicked on

2021-05-30 10:21:12 - [MESSAGE][PASSED] - Object: 'Object Repository/SwitchCase/Page_span_Town Square - TEAM NAME Mattermost/div_Italiano' is clicked on

2021-05-30 10:21:12 - [TEST_STEP][PASSED] - break: null

2021-05-30 10:21:12 - [TEST_STEP][PASSED] - click(findTestObject("Object Repository/SwitchCase/Change language/button_Save")): Object: 'Object Repository/SwitchCase/Change language/button_Save' is clicked on

2021-05-30 10:21:13 - [MESSAGE][PASSED] - Object: 'Object Repository/SwitchCase/Change language/button_Save' is clicked on]]></system-out>
         <system-err><![CDATA[]]></system-err>
      </testcase>
      <testcase name="Test Cases/SwitchCaseTest/CallChangeDefaultLanguage" time="10.763" classname="Test Cases/SwitchCaseTest/CallChangeDefaultLanguage" status="PASSED">
         <system-out><![CDATA[2021-05-30 10:21:13 - [TEST_CASE][PASSED] - Test Cases/SwitchCaseTest/CallChangeDefaultLanguage: Test Cases/SwitchCaseTest/CallChangeDefaultLanguage

2021-05-30 10:21:13 - [TEST_STEP][PASSED] - callTestCase(findTestCase("SwitchCaseTest/ChangeLanguge"), ["username":"cxtuan", "password":"01672471821nT@", "language":"English"], STOP_ON_FAILURE): Call Test Case 'Test Cases/SwitchCaseTest/ChangeLanguge' successfully

2021-05-30 10:21:13 - [TEST_CASE][PASSED] - Test Cases/SwitchCaseTest/ChangeLanguge: Test Cases/SwitchCaseTest/ChangeLanguge

2021-05-30 10:21:13 - [TEST_STEP][PASSED] - callTestCase(findTestCase("Test Cases/Common Test Cases/Login"), ["username":username, "password":password], STOP_ON_FAILURE): Call Test Case 'Test Cases/Common Test Cases/Login' successfully

2021-05-30 10:21:13 - [TEST_CASE][PASSED] - Test Cases/Common Test Cases/Login: Test Cases/Common Test Cases/Login

2021-05-30 10:21:13 - [TEST_STEP][PASSED] - openBrowser(""): Browser is opened with url: ''

2021-05-30 10:21:13 - [MESSAGE][WARNING] - A browser is already opened. Closing browser and opening a new one

2021-05-30 10:21:14 - [MESSAGE][INFO] - Starting 'Chrome' driver

2021-05-30 10:21:14 - [MESSAGE][INFO] - Action delay is set to 0 milliseconds

2021-05-30 10:21:15 - [MESSAGE][PASSED] - Browser is opened with url: ''

2021-05-30 10:21:15 - [TEST_STEP][PASSED] - navigateToUrl("https://chudenangcao2021.cf/"): Navigate to 'https://chudenangcao2021.cf/' successfully

2021-05-30 10:21:16 - [MESSAGE][PASSED] - Navigate to 'https://chudenangcao2021.cf/' successfully

2021-05-30 10:21:16 - [TEST_STEP][PASSED] - setText(findTestObject("Object Repository/Page_Mattermost/input_All team communication in one place, _dcc84b"), Username): Text 'Minhvu12918' is set on object 'Object Repository/Page_Mattermost/input_All team communication in one place, _dcc84b'

2021-05-30 10:21:17 - [MESSAGE][PASSED] - Text 'Minhvu12918' is set on object 'Object Repository/Page_Mattermost/input_All team communication in one place, _dcc84b'

2021-05-30 10:21:17 - [TEST_STEP][PASSED] - setText(findTestObject("Object Repository/Page_Mattermost/input_All team communication in one place, _a3edc6"), Password): Text 'Minhvuabc2@' is set on object 'Object Repository/Page_Mattermost/input_All team communication in one place, _a3edc6'

2021-05-30 10:21:18 - [MESSAGE][PASSED] - Text 'Minhvuabc2@' is set on object 'Object Repository/Page_Mattermost/input_All team communication in one place, _a3edc6'

2021-05-30 10:21:18 - [TEST_STEP][PASSED] - click(findTestObject("Object Repository/Page_Mattermost/button_Sign in")): Object: 'Object Repository/Page_Mattermost/button_Sign in' is clicked on

2021-05-30 10:21:19 - [MESSAGE][PASSED] - Object: 'Object Repository/Page_Mattermost/button_Sign in' is clicked on

2021-05-30 10:21:19 - [TEST_STEP][PASSED] - verifyLinksAccessible(["https://chudenangcao2021.cf/cdnc-cnpm-2021/channels"]): All links are accessible

2021-05-30 10:21:19 - [MESSAGE][INFO] - HAR: C:\Users\nttuan\Downloads\CDNC\mattermost-testing\Reports\20210530_102014\Run all test cases\20210530_102015\requests\main\22.har

2021-05-30 10:21:19 - [MESSAGE][PASSED] - Send request successfully

2021-05-30 10:21:19 - [MESSAGE][PASSED] - All links are accessible

2021-05-30 10:21:19 - [MESSAGE][PASSED] - Call Test Case 'Test Cases/Common Test Cases/Login' successfully

2021-05-30 10:21:19 - [TEST_STEP][PASSED] - click(findTestObject("Object Repository/IFObject/Page_TEST CHANNEL - TEAM NAME Mattermost/button_cxtuan_style--none sidebar-header-dropdown__icon")): Object: 'Object Repository/IFObject/Page_TEST CHANNEL - TEAM NAME Mattermost/button_cxtuan_style--none sidebar-header-dropdown__icon' is clicked on

2021-05-30 10:21:20 - [MESSAGE][PASSED] - Object: 'Object Repository/IFObject/Page_TEST CHANNEL - TEAM NAME Mattermost/button_cxtuan_style--none sidebar-header-dropdown__icon' is clicked on

2021-05-30 10:21:20 - [TEST_STEP][PASSED] - click(findTestObject("Object Repository/IFObject/Page_TEST CHANNEL - TEAM NAME Mattermost/button_Account Settings")): Object: 'Object Repository/IFObject/Page_TEST CHANNEL - TEAM NAME Mattermost/button_Account Settings' is clicked on

2021-05-30 10:21:21 - [MESSAGE][PASSED] - Object: 'Object Repository/IFObject/Page_TEST CHANNEL - TEAM NAME Mattermost/button_Account Settings' is clicked on

2021-05-30 10:21:21 - [TEST_STEP][PASSED] - lang = language: null

2021-05-30 10:21:21 - [TEST_STEP][PASSED] - click(findTestObject("Object Repository/SwitchCase/Change language/button_Display")): Object: 'Object Repository/SwitchCase/Change language/button_Display' is clicked on

2021-05-30 10:21:21 - [MESSAGE][PASSED] - Object: 'Object Repository/SwitchCase/Change language/button_Display' is clicked on

2021-05-30 10:21:21 - [TEST_STEP][PASSED] - click(findTestObject("Object Repository/SwitchCase/Change language/button_EditLanguage")): Object: 'Object Repository/SwitchCase/Change language/button_EditLanguage' is clicked on

2021-05-30 10:21:22 - [MESSAGE][PASSED] - Object: 'Object Repository/SwitchCase/Change language/button_EditLanguage' is clicked on

2021-05-30 10:21:22 - [TEST_STEP][PASSED] - click(findTestObject("Object Repository/SwitchCase/Change language/div_English")): Object: 'Object Repository/SwitchCase/Change language/div_English' is clicked on

2021-05-30 10:21:22 - [MESSAGE][PASSED] - Object: 'Object Repository/SwitchCase/Change language/div_English' is clicked on

2021-05-30 10:21:22 - [TEST_STEP][PASSED] - switch (lang): Object: 'Object Repository/SwitchCase/Page_span_Town Square - TEAM NAME Mattermost/div_English' is clicked on

2021-05-30 10:21:22 - [TEST_STEP][PASSED] - Default: Object: 'Object Repository/SwitchCase/Page_span_Town Square - TEAM NAME Mattermost/div_English' is clicked on

2021-05-30 10:21:22 - [TEST_STEP][PASSED] - click(findTestObject("Object Repository/SwitchCase/Page_span_Town Square - TEAM NAME Mattermost/div_English")): Object: 'Object Repository/SwitchCase/Page_span_Town Square - TEAM NAME Mattermost/div_English' is clicked on

2021-05-30 10:21:23 - [MESSAGE][PASSED] - Object: 'Object Repository/SwitchCase/Page_span_Town Square - TEAM NAME Mattermost/div_English' is clicked on

2021-05-30 10:21:23 - [TEST_STEP][PASSED] - click(findTestObject("Object Repository/SwitchCase/Change language/button_Save")): Object: 'Object Repository/SwitchCase/Change language/button_Save' is clicked on

2021-05-30 10:21:24 - [MESSAGE][PASSED] - Object: 'Object Repository/SwitchCase/Change language/button_Save' is clicked on

2021-05-30 10:21:24 - [MESSAGE][PASSED] - Call Test Case 'Test Cases/SwitchCaseTest/ChangeLanguge' successfully]]></system-out>
         <system-err><![CDATA[]]></system-err>
      </testcase>
      <testcase name="Test Cases/SwitchCaseTest/ChangeNotificationEmail" time="11.99" classname="Test Cases/SwitchCaseTest/ChangeNotificationEmail" status="PASSED">
         <system-out><![CDATA[2021-05-30 10:21:24 - [TEST_CASE][PASSED] - Test Cases/SwitchCaseTest/ChangeNotificationEmail: Test Cases/SwitchCaseTest/ChangeNotificationEmail

2021-05-30 10:21:24 - [TEST_STEP][PASSED] - openBrowser(""): Browser is opened with url: ''

2021-05-30 10:21:24 - [MESSAGE][WARNING] - A browser is already opened. Closing browser and opening a new one

2021-05-30 10:21:25 - [MESSAGE][INFO] - Starting 'Chrome' driver

2021-05-30 10:21:25 - [MESSAGE][INFO] - Action delay is set to 0 milliseconds

2021-05-30 10:21:26 - [MESSAGE][PASSED] - Browser is opened with url: ''

2021-05-30 10:21:26 - [TEST_STEP][PASSED] - callTestCase(findTestCase("Test Cases/Common Test Cases/Login"), ["username":username, "password":password], STOP_ON_FAILURE): Call Test Case 'Test Cases/Common Test Cases/Login' successfully

2021-05-30 10:21:26 - [TEST_CASE][PASSED] - Test Cases/Common Test Cases/Login: Test Cases/Common Test Cases/Login

2021-05-30 10:21:26 - [TEST_STEP][PASSED] - openBrowser(""): Browser is opened with url: ''

2021-05-30 10:21:26 - [MESSAGE][WARNING] - A browser is already opened. Closing browser and opening a new one

2021-05-30 10:21:27 - [MESSAGE][INFO] - Starting 'Chrome' driver

2021-05-30 10:21:27 - [MESSAGE][INFO] - Action delay is set to 0 milliseconds

2021-05-30 10:21:28 - [MESSAGE][PASSED] - Browser is opened with url: ''

2021-05-30 10:21:28 - [TEST_STEP][PASSED] - navigateToUrl("https://chudenangcao2021.cf/"): Navigate to 'https://chudenangcao2021.cf/' successfully

2021-05-30 10:21:28 - [MESSAGE][PASSED] - Navigate to 'https://chudenangcao2021.cf/' successfully

2021-05-30 10:21:28 - [TEST_STEP][PASSED] - setText(findTestObject("Object Repository/Page_Mattermost/input_All team communication in one place, _dcc84b"), Username): Text 'Minhvu12918' is set on object 'Object Repository/Page_Mattermost/input_All team communication in one place, _dcc84b'

2021-05-30 10:21:30 - [MESSAGE][PASSED] - Text 'Minhvu12918' is set on object 'Object Repository/Page_Mattermost/input_All team communication in one place, _dcc84b'

2021-05-30 10:21:30 - [TEST_STEP][PASSED] - setText(findTestObject("Object Repository/Page_Mattermost/input_All team communication in one place, _a3edc6"), Password): Text 'Minhvuabc2@' is set on object 'Object Repository/Page_Mattermost/input_All team communication in one place, _a3edc6'

2021-05-30 10:21:31 - [MESSAGE][PASSED] - Text 'Minhvuabc2@' is set on object 'Object Repository/Page_Mattermost/input_All team communication in one place, _a3edc6'

2021-05-30 10:21:31 - [TEST_STEP][PASSED] - click(findTestObject("Object Repository/Page_Mattermost/button_Sign in")): Object: 'Object Repository/Page_Mattermost/button_Sign in' is clicked on

2021-05-30 10:21:31 - [MESSAGE][PASSED] - Object: 'Object Repository/Page_Mattermost/button_Sign in' is clicked on

2021-05-30 10:21:31 - [TEST_STEP][PASSED] - verifyLinksAccessible(["https://chudenangcao2021.cf/cdnc-cnpm-2021/channels"]): All links are accessible

2021-05-30 10:21:31 - [MESSAGE][INFO] - HAR: C:\Users\nttuan\Downloads\CDNC\mattermost-testing\Reports\20210530_102014\Run all test cases\20210530_102015\requests\main\23.har

2021-05-30 10:21:31 - [MESSAGE][PASSED] - Send request successfully

2021-05-30 10:21:31 - [MESSAGE][PASSED] - All links are accessible

2021-05-30 10:21:31 - [MESSAGE][PASSED] - Call Test Case 'Test Cases/Common Test Cases/Login' successfully

2021-05-30 10:21:31 - [TEST_STEP][PASSED] - click(findTestObject("Object Repository/SwitchCase/NotifyEmail/Page_span_Town Square - TEAM NAME Mattermost/span")): Object: 'Object Repository/SwitchCase/NotifyEmail/Page_span_Town Square - TEAM NAME Mattermost/span' is clicked on

2021-05-30 10:21:33 - [MESSAGE][PASSED] - Object: 'Object Repository/SwitchCase/NotifyEmail/Page_span_Town Square - TEAM NAME Mattermost/span' is clicked on

2021-05-30 10:21:33 - [TEST_STEP][PASSED] - click(findTestObject("Object Repository/SwitchCase/NotifyEmail/Page_span_Town Square - TEAM NAME Mattermost/button_Account Settings")): Object: 'Object Repository/SwitchCase/NotifyEmail/Page_span_Town Square - TEAM NAME Mattermost/button_Account Settings' is clicked on

2021-05-30 10:21:33 - [MESSAGE][PASSED] - Object: 'Object Repository/SwitchCase/NotifyEmail/Page_span_Town Square - TEAM NAME Mattermost/button_Account Settings' is clicked on

2021-05-30 10:21:33 - [TEST_STEP][PASSED] - click(findTestObject("Object Repository/SwitchCase/NotifyEmail/Page_span_Town Square - TEAM NAME Mattermost/button_Notifications")): Object: 'Object Repository/SwitchCase/NotifyEmail/Page_span_Town Square - TEAM NAME Mattermost/button_Notifications' is clicked on

2021-05-30 10:21:34 - [MESSAGE][PASSED] - Object: 'Object Repository/SwitchCase/NotifyEmail/Page_span_Town Square - TEAM NAME Mattermost/button_Notifications' is clicked on

2021-05-30 10:21:34 - [TEST_STEP][PASSED] - click(findTestObject("Object Repository/SwitchCase/NotifyEmail/Page_span_Town Square - TEAM NAME Mattermost/div_Email NotificationsEditImmediately")): Object: 'Object Repository/SwitchCase/NotifyEmail/Page_span_Town Square - TEAM NAME Mattermost/div_Email NotificationsEditImmediately' is clicked on

2021-05-30 10:21:35 - [MESSAGE][PASSED] - Object: 'Object Repository/SwitchCase/NotifyEmail/Page_span_Town Square - TEAM NAME Mattermost/div_Email NotificationsEditImmediately' is clicked on

2021-05-30 10:21:35 - [TEST_STEP][PASSED] - notify = notify: null

2021-05-30 10:21:35 - [TEST_STEP][PASSED] - switch (notify): null

2021-05-30 10:21:35 - [TEST_STEP][PASSED] - case "no":: null

2021-05-30 10:21:35 - [TEST_STEP][PASSED] - click(findTestObject("Object Repository/SwitchCase/NotifyEmail/Page_span_Town Square - TEAM NAME Mattermost/label_Never")): Object: 'Object Repository/SwitchCase/NotifyEmail/Page_span_Town Square - TEAM NAME Mattermost/label_Never' is clicked on

2021-05-30 10:21:35 - [MESSAGE][PASSED] - Object: 'Object Repository/SwitchCase/NotifyEmail/Page_span_Town Square - TEAM NAME Mattermost/label_Never' is clicked on

2021-05-30 10:21:35 - [TEST_STEP][PASSED] - break: null

2021-05-30 10:21:35 - [TEST_STEP][PASSED] - click(findTestObject("Object Repository/SwitchCase/NotifyEmail/Page_span_Town Square - TEAM NAME Mattermost/span_Save")): Object: 'Object Repository/SwitchCase/NotifyEmail/Page_span_Town Square - TEAM NAME Mattermost/span_Save' is clicked on

2021-05-30 10:21:36 - [MESSAGE][PASSED] - Object: 'Object Repository/SwitchCase/NotifyEmail/Page_span_Town Square - TEAM NAME Mattermost/span_Save' is clicked on]]></system-out>
         <system-err><![CDATA[]]></system-err>
      </testcase>
      <testcase name="Test Cases/SwitchCaseTest/CallChangeDefaultNotificationEmail" time="12.215" classname="Test Cases/SwitchCaseTest/CallChangeDefaultNotificationEmail" status="PASSED">
         <system-out><![CDATA[2021-05-30 10:21:36 - [TEST_CASE][PASSED] - Test Cases/SwitchCaseTest/CallChangeDefaultNotificationEmail: Test Cases/SwitchCaseTest/CallChangeDefaultNotificationEmail

2021-05-30 10:21:36 - [TEST_STEP][PASSED] - callTestCase(findTestCase("SwitchCaseTest/ChangeNotificationEmail"), ["username":"cxtuan", "password":"01672471821nT@", "notify":"yes"], STOP_ON_FAILURE): Call Test Case 'Test Cases/SwitchCaseTest/ChangeNotificationEmail' successfully

2021-05-30 10:21:36 - [TEST_CASE][PASSED] - Test Cases/SwitchCaseTest/ChangeNotificationEmail: Test Cases/SwitchCaseTest/ChangeNotificationEmail

2021-05-30 10:21:36 - [TEST_STEP][PASSED] - openBrowser(""): Browser is opened with url: ''

2021-05-30 10:21:36 - [MESSAGE][WARNING] - A browser is already opened. Closing browser and opening a new one

2021-05-30 10:21:37 - [MESSAGE][INFO] - Starting 'Chrome' driver

2021-05-30 10:21:37 - [MESSAGE][INFO] - Action delay is set to 0 milliseconds

2021-05-30 10:21:38 - [MESSAGE][PASSED] - Browser is opened with url: ''

2021-05-30 10:21:38 - [TEST_STEP][PASSED] - callTestCase(findTestCase("Test Cases/Common Test Cases/Login"), ["username":username, "password":password], STOP_ON_FAILURE): Call Test Case 'Test Cases/Common Test Cases/Login' successfully

2021-05-30 10:21:38 - [TEST_CASE][PASSED] - Test Cases/Common Test Cases/Login: Test Cases/Common Test Cases/Login

2021-05-30 10:21:38 - [TEST_STEP][PASSED] - openBrowser(""): Browser is opened with url: ''

2021-05-30 10:21:38 - [MESSAGE][WARNING] - A browser is already opened. Closing browser and opening a new one

2021-05-30 10:21:39 - [MESSAGE][INFO] - Starting 'Chrome' driver

2021-05-30 10:21:39 - [MESSAGE][INFO] - Action delay is set to 0 milliseconds

2021-05-30 10:21:40 - [MESSAGE][PASSED] - Browser is opened with url: ''

2021-05-30 10:21:40 - [TEST_STEP][PASSED] - navigateToUrl("https://chudenangcao2021.cf/"): Navigate to 'https://chudenangcao2021.cf/' successfully

2021-05-30 10:21:41 - [MESSAGE][PASSED] - Navigate to 'https://chudenangcao2021.cf/' successfully

2021-05-30 10:21:41 - [TEST_STEP][PASSED] - setText(findTestObject("Object Repository/Page_Mattermost/input_All team communication in one place, _dcc84b"), Username): Text 'Minhvu12918' is set on object 'Object Repository/Page_Mattermost/input_All team communication in one place, _dcc84b'

2021-05-30 10:21:42 - [MESSAGE][PASSED] - Text 'Minhvu12918' is set on object 'Object Repository/Page_Mattermost/input_All team communication in one place, _dcc84b'

2021-05-30 10:21:42 - [TEST_STEP][PASSED] - setText(findTestObject("Object Repository/Page_Mattermost/input_All team communication in one place, _a3edc6"), Password): Text 'Minhvuabc2@' is set on object 'Object Repository/Page_Mattermost/input_All team communication in one place, _a3edc6'

2021-05-30 10:21:43 - [MESSAGE][PASSED] - Text 'Minhvuabc2@' is set on object 'Object Repository/Page_Mattermost/input_All team communication in one place, _a3edc6'

2021-05-30 10:21:43 - [TEST_STEP][PASSED] - click(findTestObject("Object Repository/Page_Mattermost/button_Sign in")): Object: 'Object Repository/Page_Mattermost/button_Sign in' is clicked on

2021-05-30 10:21:44 - [MESSAGE][PASSED] - Object: 'Object Repository/Page_Mattermost/button_Sign in' is clicked on

2021-05-30 10:21:44 - [TEST_STEP][PASSED] - verifyLinksAccessible(["https://chudenangcao2021.cf/cdnc-cnpm-2021/channels"]): All links are accessible

2021-05-30 10:21:44 - [MESSAGE][INFO] - HAR: C:\Users\nttuan\Downloads\CDNC\mattermost-testing\Reports\20210530_102014\Run all test cases\20210530_102015\requests\main\24.har

2021-05-30 10:21:44 - [MESSAGE][PASSED] - Send request successfully

2021-05-30 10:21:44 - [MESSAGE][PASSED] - All links are accessible

2021-05-30 10:21:44 - [MESSAGE][PASSED] - Call Test Case 'Test Cases/Common Test Cases/Login' successfully

2021-05-30 10:21:44 - [TEST_STEP][PASSED] - click(findTestObject("Object Repository/SwitchCase/NotifyEmail/Page_span_Town Square - TEAM NAME Mattermost/span")): Object: 'Object Repository/SwitchCase/NotifyEmail/Page_span_Town Square - TEAM NAME Mattermost/span' is clicked on

2021-05-30 10:21:45 - [MESSAGE][PASSED] - Object: 'Object Repository/SwitchCase/NotifyEmail/Page_span_Town Square - TEAM NAME Mattermost/span' is clicked on

2021-05-30 10:21:45 - [TEST_STEP][PASSED] - click(findTestObject("Object Repository/SwitchCase/NotifyEmail/Page_span_Town Square - TEAM NAME Mattermost/button_Account Settings")): Object: 'Object Repository/SwitchCase/NotifyEmail/Page_span_Town Square - TEAM NAME Mattermost/button_Account Settings' is clicked on

2021-05-30 10:21:46 - [MESSAGE][PASSED] - Object: 'Object Repository/SwitchCase/NotifyEmail/Page_span_Town Square - TEAM NAME Mattermost/button_Account Settings' is clicked on

2021-05-30 10:21:46 - [TEST_STEP][PASSED] - click(findTestObject("Object Repository/SwitchCase/NotifyEmail/Page_span_Town Square - TEAM NAME Mattermost/button_Notifications")): Object: 'Object Repository/SwitchCase/NotifyEmail/Page_span_Town Square - TEAM NAME Mattermost/button_Notifications' is clicked on

2021-05-30 10:21:46 - [MESSAGE][PASSED] - Object: 'Object Repository/SwitchCase/NotifyEmail/Page_span_Town Square - TEAM NAME Mattermost/button_Notifications' is clicked on

2021-05-30 10:21:46 - [TEST_STEP][PASSED] - click(findTestObject("Object Repository/SwitchCase/NotifyEmail/Page_span_Town Square - TEAM NAME Mattermost/div_Email NotificationsEditImmediately")): Object: 'Object Repository/SwitchCase/NotifyEmail/Page_span_Town Square - TEAM NAME Mattermost/div_Email NotificationsEditImmediately' is clicked on

2021-05-30 10:21:47 - [MESSAGE][PASSED] - Object: 'Object Repository/SwitchCase/NotifyEmail/Page_span_Town Square - TEAM NAME Mattermost/div_Email NotificationsEditImmediately' is clicked on

2021-05-30 10:21:47 - [TEST_STEP][PASSED] - notify = notify: null

2021-05-30 10:21:47 - [TEST_STEP][PASSED] - switch (notify): null

2021-05-30 10:21:47 - [TEST_STEP][PASSED] - case "yes":: null

2021-05-30 10:21:47 - [TEST_STEP][PASSED] - click(findTestObject("Object Repository/SwitchCase/NotifyEmail/Page_span_Town Square - TEAM NAME Mattermost/label_Immediately")): Object: 'Object Repository/SwitchCase/NotifyEmail/Page_span_Town Square - TEAM NAME Mattermost/label_Immediately' is clicked on

2021-05-30 10:21:47 - [MESSAGE][PASSED] - Object: 'Object Repository/SwitchCase/NotifyEmail/Page_span_Town Square - TEAM NAME Mattermost/label_Immediately' is clicked on

2021-05-30 10:21:47 - [TEST_STEP][PASSED] - break: null

2021-05-30 10:21:47 - [TEST_STEP][PASSED] - click(findTestObject("Object Repository/SwitchCase/NotifyEmail/Page_span_Town Square - TEAM NAME Mattermost/span_Save")): Object: 'Object Repository/SwitchCase/NotifyEmail/Page_span_Town Square - TEAM NAME Mattermost/span_Save' is clicked on

2021-05-30 10:21:48 - [MESSAGE][PASSED] - Object: 'Object Repository/SwitchCase/NotifyEmail/Page_span_Town Square - TEAM NAME Mattermost/span_Save' is clicked on

2021-05-30 10:21:48 - [MESSAGE][PASSED] - Call Test Case 'Test Cases/SwitchCaseTest/ChangeNotificationEmail' successfully]]></system-out>
         <system-err><![CDATA[]]></system-err>
      </testcase>
      <testcase name="Test Cases/SwitchCaseTest/NumberOfDirectMessages" time="11.406" classname="Test Cases/SwitchCaseTest/NumberOfDirectMessages" status="PASSED">
         <system-out><![CDATA[2021-05-30 10:21:48 - [TEST_CASE][PASSED] - Test Cases/SwitchCaseTest/NumberOfDirectMessages: Test Cases/SwitchCaseTest/NumberOfDirectMessages

2021-05-30 10:21:48 - [TEST_STEP][PASSED] - callTestCase(findTestCase("Common Test Cases/Login"), ["Username":"nttuan", "Password":"12345678zZ@"], STOP_ON_FAILURE): Call Test Case 'Test Cases/Common Test Cases/Login' successfully

2021-05-30 10:21:48 - [TEST_CASE][PASSED] - Test Cases/Common Test Cases/Login: Test Cases/Common Test Cases/Login

2021-05-30 10:21:48 - [TEST_STEP][PASSED] - openBrowser(""): Browser is opened with url: ''

2021-05-30 10:21:48 - [MESSAGE][WARNING] - A browser is already opened. Closing browser and opening a new one

2021-05-30 10:21:49 - [MESSAGE][INFO] - Starting 'Chrome' driver

2021-05-30 10:21:49 - [MESSAGE][INFO] - Action delay is set to 0 milliseconds

2021-05-30 10:21:50 - [MESSAGE][PASSED] - Browser is opened with url: ''

2021-05-30 10:21:50 - [TEST_STEP][PASSED] - navigateToUrl("https://chudenangcao2021.cf/"): Navigate to 'https://chudenangcao2021.cf/' successfully

2021-05-30 10:21:51 - [MESSAGE][PASSED] - Navigate to 'https://chudenangcao2021.cf/' successfully

2021-05-30 10:21:51 - [TEST_STEP][PASSED] - setText(findTestObject("Object Repository/Page_Mattermost/input_All team communication in one place, _dcc84b"), Username): Text 'nttuan' is set on object 'Object Repository/Page_Mattermost/input_All team communication in one place, _dcc84b'

2021-05-30 10:21:52 - [MESSAGE][PASSED] - Text 'nttuan' is set on object 'Object Repository/Page_Mattermost/input_All team communication in one place, _dcc84b'

2021-05-30 10:21:52 - [TEST_STEP][PASSED] - setText(findTestObject("Object Repository/Page_Mattermost/input_All team communication in one place, _a3edc6"), Password): Text '12345678zZ@' is set on object 'Object Repository/Page_Mattermost/input_All team communication in one place, _a3edc6'

2021-05-30 10:21:53 - [MESSAGE][PASSED] - Text '12345678zZ@' is set on object 'Object Repository/Page_Mattermost/input_All team communication in one place, _a3edc6'

2021-05-30 10:21:53 - [TEST_STEP][PASSED] - click(findTestObject("Object Repository/Page_Mattermost/button_Sign in")): Object: 'Object Repository/Page_Mattermost/button_Sign in' is clicked on

2021-05-30 10:21:53 - [MESSAGE][PASSED] - Object: 'Object Repository/Page_Mattermost/button_Sign in' is clicked on

2021-05-30 10:21:53 - [TEST_STEP][PASSED] - verifyLinksAccessible(["https://chudenangcao2021.cf/cdnc-cnpm-2021/channels"]): All links are accessible

2021-05-30 10:21:53 - [MESSAGE][INFO] - HAR: C:\Users\nttuan\Downloads\CDNC\mattermost-testing\Reports\20210530_102014\Run all test cases\20210530_102015\requests\main\25.har

2021-05-30 10:21:53 - [MESSAGE][PASSED] - Send request successfully

2021-05-30 10:21:53 - [MESSAGE][PASSED] - All links are accessible

2021-05-30 10:21:53 - [MESSAGE][PASSED] - Call Test Case 'Test Cases/Common Test Cases/Login' successfully

2021-05-30 10:21:53 - [TEST_STEP][PASSED] - click(findTestObject("Object Repository/SwitchCase/NumberOfDirectMessages/Page_span_Town Square - TEAM NAME Mattermost/button_nttuan_style--none sidebar-header-dr_897f13")): Object: 'Object Repository/SwitchCase/NumberOfDirectMessages/Page_span_Town Square - TEAM NAME Mattermost/button_nttuan_style--none sidebar-header-dr_897f13' is clicked on

2021-05-30 10:21:55 - [MESSAGE][PASSED] - Object: 'Object Repository/SwitchCase/NumberOfDirectMessages/Page_span_Town Square - TEAM NAME Mattermost/button_nttuan_style--none sidebar-header-dr_897f13' is clicked on

2021-05-30 10:21:55 - [TEST_STEP][PASSED] - click(findTestObject("Object Repository/SwitchCase/NumberOfDirectMessages/Page_span_Town Square - TEAM NAME Mattermost/span_Account Settings")): Object: 'Object Repository/SwitchCase/NumberOfDirectMessages/Page_span_Town Square - TEAM NAME Mattermost/span_Account Settings' is clicked on

2021-05-30 10:21:56 - [MESSAGE][PASSED] - Object: 'Object Repository/SwitchCase/NumberOfDirectMessages/Page_span_Town Square - TEAM NAME Mattermost/span_Account Settings' is clicked on

2021-05-30 10:21:56 - [TEST_STEP][PASSED] - click(findTestObject("Object Repository/SwitchCase/NumberOfDirectMessages/Page_span_Town Square - TEAM NAME Mattermost/button_Sidebar")): Object: 'Object Repository/SwitchCase/NumberOfDirectMessages/Page_span_Town Square - TEAM NAME Mattermost/button_Sidebar' is clicked on

2021-05-30 10:21:56 - [MESSAGE][PASSED] - Object: 'Object Repository/SwitchCase/NumberOfDirectMessages/Page_span_Town Square - TEAM NAME Mattermost/button_Sidebar' is clicked on

2021-05-30 10:21:56 - [TEST_STEP][PASSED] - click(findTestObject("Object Repository/SwitchCase/NumberOfDirectMessages/Page_span_Town Square - TEAM NAME Mattermost/span_Edit")): Object: 'Object Repository/SwitchCase/NumberOfDirectMessages/Page_span_Town Square - TEAM NAME Mattermost/span_Edit' is clicked on

2021-05-30 10:21:57 - [MESSAGE][PASSED] - Object: 'Object Repository/SwitchCase/NumberOfDirectMessages/Page_span_Town Square - TEAM NAME Mattermost/span_Edit' is clicked on

2021-05-30 10:21:57 - [TEST_STEP][PASSED] - click(findTestObject("SwitchCase/NumberOfDirectMessages/Page_span_Town Square - TEAM NAME Mattermost/div_All Direct Messages_css-1thkkgx")): Object: 'Object Repository/SwitchCase/NumberOfDirectMessages/Page_span_Town Square - TEAM NAME Mattermost/div_All Direct Messages_css-1thkkgx' is clicked on

2021-05-30 10:21:57 - [MESSAGE][PASSED] - Object: 'Object Repository/SwitchCase/NumberOfDirectMessages/Page_span_Town Square - TEAM NAME Mattermost/div_All Direct Messages_css-1thkkgx' is clicked on

2021-05-30 10:21:57 - [TEST_STEP][PASSED] - switch (nMessage): null

2021-05-30 10:21:57 - [TEST_STEP][PASSED] - case 40:: null

2021-05-30 10:21:57 - [TEST_STEP][PASSED] - click(findTestObject("Object Repository/SwitchCase/NumberOfDirectMessages/Page_span_Town Square - TEAM NAME Mattermost/div_20")): Object: 'Object Repository/SwitchCase/NumberOfDirectMessages/Page_span_Town Square - TEAM NAME Mattermost/div_20' is clicked on

2021-05-30 10:21:58 - [MESSAGE][PASSED] - Object: 'Object Repository/SwitchCase/NumberOfDirectMessages/Page_span_Town Square - TEAM NAME Mattermost/div_20' is clicked on

2021-05-30 10:21:58 - [TEST_STEP][PASSED] - break: null

2021-05-30 10:21:58 - [TEST_STEP][PASSED] - click(findTestObject("Object Repository/SwitchCase/NumberOfDirectMessages/Page_span_Town Square - TEAM NAME Mattermost/button_Save")): Object: 'Object Repository/SwitchCase/NumberOfDirectMessages/Page_span_Town Square - TEAM NAME Mattermost/button_Save' is clicked on

2021-05-30 10:21:58 - [MESSAGE][PASSED] - Object: 'Object Repository/SwitchCase/NumberOfDirectMessages/Page_span_Town Square - TEAM NAME Mattermost/button_Save' is clicked on

2021-05-30 10:21:58 - [TEST_STEP][PASSED] - closeBrowser(): Browser is closed

2021-05-30 10:21:59 - [MESSAGE][PASSED] - Browser is closed]]></system-out>
         <system-err><![CDATA[]]></system-err>
      </testcase>
      <testcase name="Test Cases/SwitchCaseTest/CallChangeDefaultNumberOfDirectMessage" time="10.533" classname="Test Cases/SwitchCaseTest/CallChangeDefaultNumberOfDirectMessage" status="PASSED">
         <system-out><![CDATA[2021-05-30 10:21:59 - [TEST_CASE][PASSED] - Test Cases/SwitchCaseTest/CallChangeDefaultNumberOfDirectMessage: Test Cases/SwitchCaseTest/CallChangeDefaultNumberOfDirectMessage

2021-05-30 10:21:59 - [TEST_STEP][PASSED] - callTestCase(findTestCase("SwitchCaseTest/NumberOfDirectMessages"), ["nMessage":1000], STOP_ON_FAILURE): Call Test Case 'Test Cases/SwitchCaseTest/NumberOfDirectMessages' successfully

2021-05-30 10:22:00 - [TEST_CASE][PASSED] - Test Cases/SwitchCaseTest/NumberOfDirectMessages: Test Cases/SwitchCaseTest/NumberOfDirectMessages

2021-05-30 10:22:00 - [TEST_STEP][PASSED] - callTestCase(findTestCase("Common Test Cases/Login"), ["Username":"nttuan", "Password":"12345678zZ@"], STOP_ON_FAILURE): Call Test Case 'Test Cases/Common Test Cases/Login' successfully

2021-05-30 10:22:00 - [TEST_CASE][PASSED] - Test Cases/Common Test Cases/Login: Test Cases/Common Test Cases/Login

2021-05-30 10:22:00 - [TEST_STEP][PASSED] - openBrowser(""): Browser is opened with url: ''

2021-05-30 10:22:00 - [MESSAGE][INFO] - Starting 'Chrome' driver

2021-05-30 10:22:00 - [MESSAGE][INFO] - Action delay is set to 0 milliseconds

2021-05-30 10:22:01 - [MESSAGE][PASSED] - Browser is opened with url: ''

2021-05-30 10:22:01 - [TEST_STEP][PASSED] - navigateToUrl("https://chudenangcao2021.cf/"): Navigate to 'https://chudenangcao2021.cf/' successfully

2021-05-30 10:22:02 - [MESSAGE][PASSED] - Navigate to 'https://chudenangcao2021.cf/' successfully

2021-05-30 10:22:02 - [TEST_STEP][PASSED] - setText(findTestObject("Object Repository/Page_Mattermost/input_All team communication in one place, _dcc84b"), Username): Text 'nttuan' is set on object 'Object Repository/Page_Mattermost/input_All team communication in one place, _dcc84b'

2021-05-30 10:22:03 - [MESSAGE][PASSED] - Text 'nttuan' is set on object 'Object Repository/Page_Mattermost/input_All team communication in one place, _dcc84b'

2021-05-30 10:22:03 - [TEST_STEP][PASSED] - setText(findTestObject("Object Repository/Page_Mattermost/input_All team communication in one place, _a3edc6"), Password): Text '12345678zZ@' is set on object 'Object Repository/Page_Mattermost/input_All team communication in one place, _a3edc6'

2021-05-30 10:22:04 - [MESSAGE][PASSED] - Text '12345678zZ@' is set on object 'Object Repository/Page_Mattermost/input_All team communication in one place, _a3edc6'

2021-05-30 10:22:04 - [TEST_STEP][PASSED] - click(findTestObject("Object Repository/Page_Mattermost/button_Sign in")): Object: 'Object Repository/Page_Mattermost/button_Sign in' is clicked on

2021-05-30 10:22:04 - [MESSAGE][PASSED] - Object: 'Object Repository/Page_Mattermost/button_Sign in' is clicked on

2021-05-30 10:22:04 - [TEST_STEP][PASSED] - verifyLinksAccessible(["https://chudenangcao2021.cf/cdnc-cnpm-2021/channels"]): All links are accessible

2021-05-30 10:22:04 - [MESSAGE][INFO] - HAR: C:\Users\nttuan\Downloads\CDNC\mattermost-testing\Reports\20210530_102014\Run all test cases\20210530_102015\requests\main\26.har

2021-05-30 10:22:04 - [MESSAGE][PASSED] - Send request successfully

2021-05-30 10:22:04 - [MESSAGE][PASSED] - All links are accessible

2021-05-30 10:22:04 - [MESSAGE][PASSED] - Call Test Case 'Test Cases/Common Test Cases/Login' successfully

2021-05-30 10:22:04 - [TEST_STEP][PASSED] - click(findTestObject("Object Repository/SwitchCase/NumberOfDirectMessages/Page_span_Town Square - TEAM NAME Mattermost/button_nttuan_style--none sidebar-header-dr_897f13")): Object: 'Object Repository/SwitchCase/NumberOfDirectMessages/Page_span_Town Square - TEAM NAME Mattermost/button_nttuan_style--none sidebar-header-dr_897f13' is clicked on

2021-05-30 10:22:06 - [MESSAGE][PASSED] - Object: 'Object Repository/SwitchCase/NumberOfDirectMessages/Page_span_Town Square - TEAM NAME Mattermost/button_nttuan_style--none sidebar-header-dr_897f13' is clicked on

2021-05-30 10:22:06 - [TEST_STEP][PASSED] - click(findTestObject("Object Repository/SwitchCase/NumberOfDirectMessages/Page_span_Town Square - TEAM NAME Mattermost/span_Account Settings")): Object: 'Object Repository/SwitchCase/NumberOfDirectMessages/Page_span_Town Square - TEAM NAME Mattermost/span_Account Settings' is clicked on

2021-05-30 10:22:06 - [MESSAGE][PASSED] - Object: 'Object Repository/SwitchCase/NumberOfDirectMessages/Page_span_Town Square - TEAM NAME Mattermost/span_Account Settings' is clicked on

2021-05-30 10:22:06 - [TEST_STEP][PASSED] - click(findTestObject("Object Repository/SwitchCase/NumberOfDirectMessages/Page_span_Town Square - TEAM NAME Mattermost/button_Sidebar")): Object: 'Object Repository/SwitchCase/NumberOfDirectMessages/Page_span_Town Square - TEAM NAME Mattermost/button_Sidebar' is clicked on

2021-05-30 10:22:07 - [MESSAGE][PASSED] - Object: 'Object Repository/SwitchCase/NumberOfDirectMessages/Page_span_Town Square - TEAM NAME Mattermost/button_Sidebar' is clicked on

2021-05-30 10:22:07 - [TEST_STEP][PASSED] - click(findTestObject("Object Repository/SwitchCase/NumberOfDirectMessages/Page_span_Town Square - TEAM NAME Mattermost/span_Edit")): Object: 'Object Repository/SwitchCase/NumberOfDirectMessages/Page_span_Town Square - TEAM NAME Mattermost/span_Edit' is clicked on

[...]
	at com.kms.katalon.core.webui.keyword.internal.WebUIKeywordMain.stepFailed(WebUIKeywordMain.groovy:64)
	at com.kms.katalon.core.webui.keyword.internal.WebUIKeywordMain.runKeyword(WebUIKeywordMain.groovy:26)
	at com.kms.katalon.core.webui.keyword.builtin.VerifyElementPresentKeyword.verifyElementPresent(VerifyElementPresentKeyword.groovy:92)
	at com.kms.katalon.core.webui.keyword.builtin.VerifyElementPresentKeyword.execute(VerifyElementPresentKeyword.groovy:68)
	at com.kms.katalon.core.keyword.internal.KeywordExecutor.executeKeywordForPlatform(KeywordExecutor.groovy:73)
	at com.kms.katalon.core.webui.keyword.WebUiBuiltInKeywords.verifyElementPresent(WebUiBuiltInKeywords.groovy:1463)
	at com.kms.katalon.core.webui.keyword.WebUiBuiltInKeywords$verifyElementPresent$4.call(Unknown Source)
	at Time24hIfUserNameThanTen.run(Time24hIfUserNameThanTen:45)
	at com.kms.katalon.core.main.ScriptEngine.run(ScriptEngine.java:194)
	at com.kms.katalon.core.main.ScriptEngine.runScriptAsRawText(ScriptEngine.java:119)
	at com.kms.katalon.core.main.TestCaseExecutor.runScript(TestCaseExecutor.java:398)
	at com.kms.katalon.core.main.TestCaseExecutor.doExecute(TestCaseExecutor.java:389)
	at com.kms.katalon.core.main.TestCaseExecutor.processExecutionPhase(TestCaseExecutor.java:368)
	at com.kms.katalon.core.main.TestCaseExecutor.accessMainPhase(TestCaseExecutor.java:360)
	at com.kms.katalon.core.main.TestCaseExecutor.execute(TestCaseExecutor.java:255)
	at com.kms.katalon.core.main.TestSuiteExecutor.accessTestCaseMainPhase(TestSuiteExecutor.java:203)
	at com.kms.katalon.core.main.TestSuiteExecutor.accessTestSuiteMainPhase(TestSuiteExecutor.java:152)
	at com.kms.katalon.core.main.TestSuiteExecutor.execute(TestSuiteExecutor.java:95)
	at com.kms.katalon.core.main.TestCaseMain.startTestSuite(TestCaseMain.java:157)
	at com.kms.katalon.core.main.TestCaseMain$startTestSuite$0.call(Unknown Source)
	at TempTestSuite1622370015671.run(TempTestSuite1622370015671.groovy:39)
Caused by: com.kms.katalon.core.exception.StepFailedException: com.kms.katalon.core.webui.exception.WebElementNotFoundException: Web element with id: 'Object Repository/IFObject/Page_TEST CHANNEL - TEAM NAME Mattermost/button_cxtuan_style--none sidebar-header-dropdown__icon' located by '//div[@id='headerInfo']/button' not found
	at com.kms.katalon.core.webui.keyword.internal.WebUIKeywordMain.stepFailed(WebUIKeywordMain.groovy:64)
	at com.kms.katalon.core.webui.keyword.builtin.VerifyElementPresentKeyword$_verifyElementPresent_closure1.doCall(VerifyElementPresentKeyword.groovy:85)
	at com.kms.katalon.core.webui.keyword.builtin.VerifyElementPresentKeyword$_verifyElementPresent_closure1.call(VerifyElementPresentKeyword.groovy)
	at com.kms.katalon.core.webui.keyword.internal.WebUIKeywordMain.runKeyword(WebUIKeywordMain.groovy:20)
	... 19 more
)

2021-05-30 10:41:41 - [MESSAGE][WARNING] - Timeout '0' is invalid. Using default page load timeout: '30'

2021-05-30 10:42:12 - [MESSAGE][INFO] - Unable to find the element located by 'By.xpath: //div[@id='headerInfo']/button'. Please recheck the objects properties to make sure the desired element is located. 

2021-05-30 10:42:12 - [MESSAGE][FAILED] - com.kms.katalon.core.webui.exception.WebElementNotFoundException: Web element with id: 'Object Repository/IFObject/Page_TEST CHANNEL - TEAM NAME Mattermost/button_cxtuan_style--none sidebar-header-dropdown__icon' located by '//div[@id='headerInfo']/button' not found (Root cause: com.kms.katalon.core.exception.StepFailedException: com.kms.katalon.core.webui.exception.WebElementNotFoundException: Web element with id: 'Object Repository/IFObject/Page_TEST CHANNEL - TEAM NAME Mattermost/button_cxtuan_style--none sidebar-header-dropdown__icon' located by '//div[@id='headerInfo']/button' not found
	at com.kms.katalon.core.webui.keyword.internal.WebUIKeywordMain.stepFailed(WebUIKeywordMain.groovy:64)
	at com.kms.katalon.core.webui.keyword.builtin.VerifyElementPresentKeyword$_verifyElementPresent_closure1.doCall(VerifyElementPresentKeyword.groovy:85)
	at com.kms.katalon.core.webui.keyword.builtin.VerifyElementPresentKeyword$_verifyElementPresent_closure1.call(VerifyElementPresentKeyword.groovy)
	at com.kms.katalon.core.webui.keyword.internal.WebUIKeywordMain.runKeyword(WebUIKeywordMain.groovy:20)
	at com.kms.katalon.core.webui.keyword.builtin.VerifyElementPresentKeyword.verifyElementPresent(VerifyElementPresentKeyword.groovy:92)
	at com.kms.katalon.core.webui.keyword.builtin.VerifyElementPresentKeyword.execute(VerifyElementPresentKeyword.groovy:68)
	at com.kms.katalon.core.keyword.internal.KeywordExecutor.executeKeywordForPlatform(KeywordExecutor.groovy:73)
	at com.kms.katalon.core.webui.keyword.WebUiBuiltInKeywords.verifyElementPresent(WebUiBuiltInKeywords.groovy:1463)
	at com.kms.katalon.core.webui.keyword.WebUiBuiltInKeywords$verifyElementPresent$4.call(Unknown Source)
	at Time24hIfUserNameThanTen.run(Time24hIfUserNameThanTen:45)
	at com.kms.katalon.core.main.ScriptEngine.run(ScriptEngine.java:194)
	at com.kms.katalon.core.main.ScriptEngine.runScriptAsRawText(ScriptEngine.java:119)
	at com.kms.katalon.core.main.TestCaseExecutor.runScript(TestCaseExecutor.java:398)
	at com.kms.katalon.core.main.TestCaseExecutor.doExecute(TestCaseExecutor.java:389)
	at com.kms.katalon.core.main.TestCaseExecutor.processExecutionPhase(TestCaseExecutor.java:368)
	at com.kms.katalon.core.main.TestCaseExecutor.accessMainPhase(TestCaseExecutor.java:360)
	at com.kms.katalon.core.main.TestCaseExecutor.execute(TestCaseExecutor.java:255)
	at com.kms.katalon.core.main.TestSuiteExecutor.accessTestCaseMainPhase(TestSuiteExecutor.java:203)
	at com.kms.katalon.core.main.TestSuiteExecutor.accessTestSuiteMainPhase(TestSuiteExecutor.java:152)
	at com.kms.katalon.core.main.TestSuiteExecutor.execute(TestSuiteExecutor.java:95)
	at com.kms.katalon.core.main.TestCaseMain.startTestSuite(TestCaseMain.java:157)
	at com.kms.katalon.core.main.TestCaseMain$startTestSuite$0.call(Unknown Source)
	at TempTestSuite1622370015671.run(TempTestSuite1622370015671.groovy:39)
)
[[ATTACHMENT|C:\\Users\\nttuan\\Downloads\\CDNC\\mattermost-testing\\Reports\\20210530_102014\\Run all test cases\\20210530_102015\\1622371332130.png]]

2021-05-30 10:42:12 - [MESSAGE][FAILED] - Unable to verify object 'Object Repository/IFObject/Page_TEST CHANNEL - TEAM NAME Mattermost/button_cxtuan_style--none sidebar-header-dropdown__icon' is present (Root cause: com.kms.katalon.core.exception.StepFailedException: Unable to verify object 'Object Repository/IFObject/Page_TEST CHANNEL - TEAM NAME Mattermost/button_cxtuan_style--none sidebar-header-dropdown__icon' is present
	at com.kms.katalon.core.webui.keyword.internal.WebUIKeywordMain.stepFailed(WebUIKeywordMain.groovy:64)
	at com.kms.katalon.core.webui.keyword.internal.WebUIKeywordMain.runKeyword(WebUIKeywordMain.groovy:26)
	at com.kms.katalon.core.webui.keyword.builtin.VerifyElementPresentKeyword.verifyElementPresent(VerifyElementPresentKeyword.groovy:92)
	at com.kms.katalon.core.webui.keyword.builtin.VerifyElementPresentKeyword.execute(VerifyElementPresentKeyword.groovy:68)
	at com.kms.katalon.core.keyword.internal.KeywordExecutor.executeKeywordForPlatform(KeywordExecutor.groovy:73)
	at com.kms.katalon.core.webui.keyword.WebUiBuiltInKeywords.verifyElementPresent(WebUiBuiltInKeywords.groovy:1463)
	at com.kms.katalon.core.webui.keyword.WebUiBuiltInKeywords$verifyElementPresent$4.call(Unknown Source)
	at Time24hIfUserNameThanTen.run(Time24hIfUserNameThanTen:45)
	at com.kms.katalon.core.main.ScriptEngine.run(ScriptEngine.java:194)
	at com.kms.katalon.core.main.ScriptEngine.runScriptAsRawText(ScriptEngine.java:119)
	at com.kms.katalon.core.main.TestCaseExecutor.runScript(TestCaseExecutor.java:398)
	at com.kms.katalon.core.main.TestCaseExecutor.doExecute(TestCaseExecutor.java:389)
	at com.kms.katalon.core.main.TestCaseExecutor.processExecutionPhase(TestCaseExecutor.java:368)
	at com.kms.katalon.core.main.TestCaseExecutor.accessMainPhase(TestCaseExecutor.java:360)
	at com.kms.katalon.core.main.TestCaseExecutor.execute(TestCaseExecutor.java:255)
	at com.kms.katalon.core.main.TestSuiteExecutor.accessTestCaseMainPhase(TestSuiteExecutor.java:203)
	at com.kms.katalon.core.main.TestSuiteExecutor.accessTestSuiteMainPhase(TestSuiteExecutor.java:152)
	at com.kms.katalon.core.main.TestSuiteExecutor.execute(TestSuiteExecutor.java:95)
	at com.kms.katalon.core.main.TestCaseMain.startTestSuite(TestCaseMain.java:157)
	at com.kms.katalon.core.main.TestCaseMain$startTestSuite$0.call(Unknown Source)
	at TempTestSuite1622370015671.run(TempTestSuite1622370015671.groovy:39)
Caused by: com.kms.katalon.core.exception.StepFailedException: com.kms.katalon.core.webui.exception.WebElementNotFoundException: Web element with id: 'Object Repository/IFObject/Page_TEST CHANNEL - TEAM NAME Mattermost/button_cxtuan_style--none sidebar-header-dropdown__icon' located by '//div[@id='headerInfo']/button' not found
	at com.kms.katalon.core.webui.keyword.internal.WebUIKeywordMain.stepFailed(WebUIKeywordMain.groovy:64)
	at com.kms.katalon.core.webui.keyword.builtin.VerifyElementPresentKeyword$_verifyElementPresent_closure1.doCall(VerifyElementPresentKeyword.groovy:85)
	at com.kms.katalon.core.webui.keyword.builtin.VerifyElementPresentKeyword$_verifyElementPresent_closure1.call(VerifyElementPresentKeyword.groovy)
	at com.kms.katalon.core.webui.keyword.internal.WebUIKeywordMain.runKeyword(WebUIKeywordMain.groovy:20)
	... 19 more
)
[[ATTACHMENT|C:\\Users\\nttuan\\Downloads\\CDNC\\mattermost-testing\\Reports\\20210530_102014\\Run all test cases\\20210530_102015\\1622371332201.png]]

2021-05-30 10:42:12 - [TEST_STEP][PASSED] - catch (Exception ex): null

2021-05-30 10:42:12 - [TEST_STEP][PASSED] - Finally: Browser is closed

2021-05-30 10:42:12 - [TEST_STEP][PASSED] - if (bool && username.length() < 10): null

2021-05-30 10:42:12 - [TEST_STEP][PASSED] - else: Browser is closed

2021-05-30 10:42:12 - [TEST_STEP][PASSED] - closeBrowser(): Browser is closed

2021-05-30 10:42:12 - [MESSAGE][PASSED] - Browser is closed]]></system-out>
         <system-err><![CDATA[]]></system-err>
      </testcase>
      <system-out><![CDATA[2021-05-30 10:20:21 - [TEST_SUITE][FAILED] - Run all test cases: Test Cases/Internal Test Cases/CreateChannelPrivate FAILED.
Reason:
com.kms.katalon.core.exception.StepFailedException: Unable to click on object 'Object Repository/CreateChannel/Page_TEST CHANNEL - TEAM NAME Mattermost/i_CtrlK_icon-plus'
	at com.kms.katalon.core.webui.keyword.internal.WebUIKeywordMain.stepFailed(WebUIKeywordMain.groovy:64)
	at com.kms.katalon.core.webui.keyword.internal.WebUIKeywordMain.runKeyword(WebUIKeywordMain.groovy:26)
	at com.kms.katalon.core.webui.keyword.builtin.ClickKeyword.click(ClickKeyword.groovy:75)
	at com.kms.katalon.core.webui.keyword.builtin.ClickKeyword.execute(ClickKeyword.groovy:42)
	at com.kms.katalon.core.keyword.internal.KeywordExecutor.executeKeywordForPlatform(KeywordExecutor.groovy:73)
	at com.kms.katalon.core.webui.keyword.WebUiBuiltInKeywords.click(WebUiBuiltInKeywords.groovy:619)
	at com.kms.katalon.core.webui.keyword.WebUiBuiltInKeywords$click$2.call(Unknown Source)
	at CreateChannelPrivate.run(CreateChannelPrivate:23)
	at com.kms.katalon.core.main.ScriptEngine.run(ScriptEngine.java:194)
	at com.kms.katalon.core.main.ScriptEngine.runScriptAsRawText(ScriptEngine.java:119)
	at com.kms.katalon.core.main.TestCaseExecutor.runScript(TestCaseExecutor.java:398)
	at com.kms.katalon.core.main.TestCaseExecutor.doExecute(TestCaseExecutor.java:389)
	at com.kms.katalon.core.main.TestCaseExecutor.processExecutionPhase(TestCaseExecutor.java:368)
	at com.kms.katalon.core.main.TestCaseExecutor.accessMainPhase(TestCaseExecutor.java:360)
	at com.kms.katalon.core.main.TestCaseExecutor.execute(TestCaseExecutor.java:255)
	at com.kms.katalon.core.main.TestSuiteExecutor.accessTestCaseMainPhase(TestSuiteExecutor.java:203)
	at com.kms.katalon.core.main.TestSuiteExecutor.accessTestSuiteMainPhase(TestSuiteExecutor.java:152)
	at com.kms.katalon.core.main.TestSuiteExecutor.execute(TestSuiteExecutor.java:95)
	at com.kms.katalon.core.main.TestCaseMain.startTestSuite(TestCaseMain.java:157)
	at com.kms.katalon.core.main.TestCaseMain$startTestSuite$0.call(Unknown Source)
	at TempTestSuite1622370015671.run(TempTestSuite1622370015671.groovy:39)
Caused by: org.openqa.selenium.ElementClickInterceptedException: element click intercepted: Element <i class="icon-plus"></i> is not clickable at point (273, 155). Other element would receive the click: <div class="form-group">...</div>
  (Session info: chrome=91.0.4472.77)
Build info: version: '3.141.59', revision: 'e82be7d358', time: '2018-11-14T08:25:53'
System info: host: 'WIN-SERVER-2019', ip: '10.1.0.4', os.name: 'Windows Server 2019', os.arch: 'amd64', os.version: '10.0', java.version: '1.8.0_282'
Driver info: com.kms.katalon.selenium.driver.CChromeDriver
Capabilities {acceptInsecureCerts: false, browserName: chrome, browserVersion: 91.0.4472.77, chrome: {chromedriverVersion: 90.0.4430.24 (4c6d850f087da..., userDataDir: C:\Users\nttuan\AppData\Loc...}, goog:chromeOptions: {debuggerAddress: localhost:61665}, javascriptEnabled: true, networkConnectionEnabled: false, pageLoadStrategy: normal, platform: WINDOWS, platformName: WINDOWS, proxy: Proxy(), setWindowRect: true, strictFileInteractability: false, timeouts: {implicit: 0, pageLoad: 300000, script: 30000}, unhandledPromptBehavior: dismiss and notify, webauthn:extension:largeBlob: true, webauthn:virtualAuthenticators: true}
Session ID: 756522dbec4bb8d09bb7fc6334ce066d
	at org.openqa.selenium.remote.http.W3CHttpResponseCodec.createException(W3CHttpResponseCodec.java:187)
	at org.openqa.selenium.remote.http.W3CHttpResponseCodec.decode(W3CHttpResponseCodec.java:122)
	at org.openqa.selenium.remote.http.W3CHttpResponseCodec.decode(W3CHttpResponseCodec.java:49)
	at org.openqa.selenium.remote.HttpCommandExecutor.execute(HttpCommandExecutor.java:158)
	at org.openqa.selenium.remote.service.DriverCommandExecutor.execute(DriverCommandExecutor.java:83)
	at org.openqa.selenium.remote.RemoteWebDriver.execute(RemoteWebDriver.java:552)
	at com.kms.katalon.selenium.driver.CChromeDriver.execute(CChromeDriver.java:19)
	at org.openqa.selenium.remote.RemoteWebElement.execute(RemoteWebElement.java:285)
	at org.openqa.selenium.remote.RemoteWebElement.click(RemoteWebElement.java:84)
	at org.openqa.selenium.support.events.EventFiringWebDriver$EventFiringWebElement.lambda$new$0(EventFiringWebDriver.java:404)
	at com.sun.proxy.$Proxy17.click(Unknown Source)
	at org.openqa.selenium.support.events.EventFiringWebDriver$EventFiringWebElement.click(EventFiringWebDriver.java:417)
	at com.kms.katalon.core.webui.keyword.builtin.ClickKeyword$_click_closure1.doCall(ClickKeyword.groovy:68)
	at com.kms.katalon.core.webui.keyword.builtin.ClickKeyword$_click_closure1.call(ClickKeyword.groovy)
	at com.kms.katalon.core.webui.keyword.internal.WebUIKeywordMain.runKeyword(WebUIKeywordMain.groovy:20)
	... 19 more]]></system-out>
      <system-err><![CDATA[2021-05-30 10:20:21 - [TEST_SUITE][FAILED] - Run all test cases: Test Cases/Internal Test Cases/CreateChannelPrivate FAILED.
Reason:
com.kms.katalon.core.exception.StepFailedException: Unable to click on object 'Object Repository/CreateChannel/Page_TEST CHANNEL - TEAM NAME Mattermost/i_CtrlK_icon-plus'
	at com.kms.katalon.core.webui.keyword.internal.WebUIKeywordMain.stepFailed(WebUIKeywordMain.groovy:64)
	at com.kms.katalon.core.webui.keyword.internal.WebUIKeywordMain.runKeyword(WebUIKeywordMain.groovy:26)
	at com.kms.katalon.core.webui.keyword.builtin.ClickKeyword.click(ClickKeyword.groovy:75)
	at com.kms.katalon.core.webui.keyword.builtin.ClickKeyword.execute(ClickKeyword.groovy:42)
	at com.kms.katalon.core.keyword.internal.KeywordExecutor.executeKeywordForPlatform(KeywordExecutor.groovy:73)
	at com.kms.katalon.core.webui.keyword.WebUiBuiltInKeywords.click(WebUiBuiltInKeywords.groovy:619)
	at com.kms.katalon.core.webui.keyword.WebUiBuiltInKeywords$click$2.call(Unknown Source)
	at CreateChannelPrivate.run(CreateChannelPrivate:23)
	at com.kms.katalon.core.main.ScriptEngine.run(ScriptEngine.java:194)
	at com.kms.katalon.core.main.ScriptEngine.runScriptAsRawText(ScriptEngine.java:119)
	at com.kms.katalon.core.main.TestCaseExecutor.runScript(TestCaseExecutor.java:398)
	at com.kms.katalon.core.main.TestCaseExecutor.doExecute(TestCaseExecutor.java:389)
	at com.kms.katalon.core.main.TestCaseExecutor.processExecutionPhase(TestCaseExecutor.java:368)
	at com.kms.katalon.core.main.TestCaseExecutor.accessMainPhase(TestCaseExecutor.java:360)
	at com.kms.katalon.core.main.TestCaseExecutor.execute(TestCaseExecutor.java:255)
	at com.kms.katalon.core.main.TestSuiteExecutor.accessTestCaseMainPhase(TestSuiteExecutor.java:203)
	at com.kms.katalon.core.main.TestSuiteExecutor.accessTestSuiteMainPhase(TestSuiteExecutor.java:152)
	at com.kms.katalon.core.main.TestSuiteExecutor.execute(TestSuiteExecutor.java:95)
	at com.kms.katalon.core.main.TestCaseMain.startTestSuite(TestCaseMain.java:157)
	at com.kms.katalon.core.main.TestCaseMain$startTestSuite$0.call(Unknown Source)
	at TempTestSuite1622370015671.run(TempTestSuite1622370015671.groovy:39)
Caused by: org.openqa.selenium.ElementClickInterceptedException: element click intercepted: Element <i class="icon-plus"></i> is not clickable at point (273, 155). Other element would receive the click: <div class="form-group">...</div>
  (Session info: chrome=91.0.4472.77)
Build info: version: '3.141.59', revision: 'e82be7d358', time: '2018-11-14T08:25:53'
System info: host: 'WIN-SERVER-2019', ip: '10.1.0.4', os.name: 'Windows Server 2019', os.arch: 'amd64', os.version: '10.0', java.version: '1.8.0_282'
Driver info: com.kms.katalon.selenium.driver.CChromeDriver
Capabilities {acceptInsecureCerts: false, browserName: chrome, browserVersion: 91.0.4472.77, chrome: {chromedriverVersion: 90.0.4430.24 (4c6d850f087da..., userDataDir: C:\Users\nttuan\AppData\Loc...}, goog:chromeOptions: {debuggerAddress: localhost:61665}, javascriptEnabled: true, networkConnectionEnabled: false, pageLoadStrategy: normal, platform: WINDOWS, platformName: WINDOWS, proxy: Proxy(), setWindowRect: true, strictFileInteractability: false, timeouts: {implicit: 0, pageLoad: 300000, script: 30000}, unhandledPromptBehavior: dismiss and notify, webauthn:extension:largeBlob: true, webauthn:virtualAuthenticators: true}
Session ID: 756522dbec4bb8d09bb7fc6334ce066d
	at org.openqa.selenium.remote.http.W3CHttpResponseCodec.createException(W3CHttpResponseCodec.java:187)
	at org.openqa.selenium.remote.http.W3CHttpResponseCodec.decode(W3CHttpResponseCodec.java:122)
	at org.openqa.selenium.remote.http.W3CHttpResponseCodec.decode(W3CHttpResponseCodec.java:49)
	at org.openqa.selenium.remote.HttpCommandExecutor.execute(HttpCommandExecutor.java:158)
	at org.openqa.selenium.remote.service.DriverCommandExecutor.execute(DriverCommandExecutor.java:83)
	at org.openqa.selenium.remote.RemoteWebDriver.execute(RemoteWebDriver.java:552)
	at com.kms.katalon.selenium.driver.CChromeDriver.execute(CChromeDriver.java:19)
	at org.openqa.selenium.remote.RemoteWebElement.execute(RemoteWebElement.java:285)
	at org.openqa.selenium.remote.RemoteWebElement.click(RemoteWebElement.java:84)
	at org.openqa.selenium.support.events.EventFiringWebDriver$EventFiringWebElement.lambda$new$0(EventFiringWebDriver.java:404)
	at com.sun.proxy.$Proxy17.click(Unknown Source)
	at org.openqa.selenium.support.events.EventFiringWebDriver$EventFiringWebElement.click(EventFiringWebDriver.java:417)
	at com.kms.katalon.core.webui.keyword.builtin.ClickKeyword$_click_closure1.doCall(ClickKeyword.groovy:68)
	at com.kms.katalon.core.webui.keyword.builtin.ClickKeyword$_click_closure1.call(ClickKeyword.groovy)
	at com.kms.katalon.core.webui.keyword.internal.WebUIKeywordMain.runKeyword(WebUIKeywordMain.groovy:20)
	... 19 more]]></system-err>
   </testsuite>
</testsuites>
